
--- 代理: 220.70.184.199:12115 ---
检查结果:
STDOUT: {
  "success": true,
  "proxyIP": "220.70.184.199",
  "portRemote": 12115,
  "colo": "AMS",
  "responseTime": 570,
  "message": "第1次验证有效ProxyIP",
  "timestamp": "2025-11-16T17:33:01.931Z"
}
STDERR: 
Return Code: 0


--- 代理: 210.178.81.61:20083 ---
检查结果:
STDOUT: {
  "success": true,
  "proxyIP": "210.178.81.61",
  "portRemote": 20083,
  "colo": "AMS",
  "responseTime": 542,
  "message": "第1次验证有效ProxyIP",
  "timestamp": "2025-11-16T17:33:01.944Z"
}
STDERR: 
Return Code: 0


--- 代理: 211.251.27.149:18980 ---
检查结果:
STDOUT: {
  "success": true,
  "proxyIP": "211.251.27.149",
  "portRemote": 18980,
  "colo": "AMS",
  "responseTime": 560,
  "message": "第1次验证有效ProxyIP",
  "timestamp": "2025-11-16T17:33:01.958Z"
}
STDERR: 
Return Code: 0


--- 代理: 121.151.83.94:10444 ---
检查结果:
STDOUT: {
  "success": true,
  "proxyIP": "121.151.83.94",
  "portRemote": 10444,
  "colo": "AMS",
  "responseTime": 561,
  "message": "第1次验证有效ProxyIP",
  "timestamp": "2025-11-16T17:33:01.934Z"
}
STDERR: 
Return Code: 0


--- 代理: 112.161.221.228:10236 ---
检查结果:
STDOUT: {
  "success": true,
  "proxyIP": "112.161.221.228",
  "portRemote": 10236,
  "colo": "AMS",
  "responseTime": 587,
  "message": "第1次验证有效ProxyIP",
  "timestamp": "2025-11-16T17:33:01.958Z"
}
STDERR: 
Return Code: 0


--- 代理: 14.39.197.208:12120 ---
检查结果:
STDOUT: {
  "success": true,
  "proxyIP": "14.39.197.208",
  "portRemote": 12120,
  "colo": "AMS",
  "responseTime": 580,
  "message": "第1次验证有效ProxyIP",
  "timestamp": "2025-11-16T17:33:01.966Z"
}
STDERR: 
Return Code: 0


--- 代理: 222.117.169.58:10274 ---
检查结果:
STDOUT: {
  "success": true,
  "proxyIP": "222.117.169.58",
  "portRemote": 10274,
  "colo": "AMS",
  "responseTime": 569,
  "message": "第1次验证有效ProxyIP",
  "timestamp": "2025-11-16T17:33:01.991Z"
}
STDERR: 
Return Code: 0


--- 代理: 221.145.191.236:10121 ---
检查结果:
STDOUT: {
  "success": true,
  "proxyIP": "221.145.191.236",
  "portRemote": 10121,
  "colo": "AMS",
  "responseTime": 556,
  "message": "第1次验证有效ProxyIP",
  "timestamp": "2025-11-16T17:33:02.112Z"
}
STDERR: 
Return Code: 0


--- 代理: 221.160.73.30:20077 ---
检查结果:
STDOUT: {
  "success": true,
  "proxyIP": "221.160.73.30",
  "portRemote": 20077,
  "colo": "AMS",
  "responseTime": 513,
  "message": "第1次验证有效ProxyIP",
  "timestamp": "2025-11-16T17:33:02.723Z"
}
STDERR: 
Return Code: 0


--- 代理: 222.101.92.121:12265 ---
检查结果:
STDOUT: {
  "success": true,
  "proxyIP": "222.101.92.121",
  "portRemote": 12265,
  "colo": "AMS",
  "responseTime": 568,
  "message": "第1次验证有效ProxyIP",
  "timestamp": "2025-11-16T17:33:01.987Z"
}
STDERR: 
Return Code: 0


--- 代理: 222.104.213.148:31401 ---
检查结果:
STDOUT: {
  "success": true,
  "proxyIP": "222.104.213.148",
  "portRemote": 31401,
  "colo": "AMS",
  "responseTime": 553,
  "message": "第1次验证有效ProxyIP",
  "timestamp": "2025-11-16T17:33:03.773Z"
}
STDERR: 
Return Code: 0


--- 代理: 125.139.184.199:20091 ---
检查结果:
STDOUT: {
  "success": true,
  "proxyIP": "125.139.184.199",
  "portRemote": 20091,
  "colo": "AMS",
  "responseTime": 566,
  "message": "第1次验证有效ProxyIP",
  "timestamp": "2025-11-16T17:33:03.824Z"
}
STDERR: 
Return Code: 0


--- 代理: 222.112.191.5:33334 ---
检查结果:
STDOUT: {
  "success": true,
  "proxyIP": "222.112.191.5",
  "portRemote": 33334,
  "colo": "AMS",
  "responseTime": 553,
  "message": "第1次验证有效ProxyIP",
  "timestamp": "2025-11-16T17:33:03.879Z"
}
STDERR: 
Return Code: 0


--- 代理: 183.109.254.132:33392 ---
检查结果:
STDOUT: {
  "success": true,
  "proxyIP": "183.109.254.132",
  "portRemote": 33392,
  "colo": "AMS",
  "responseTime": 561,
  "message": "第1次验证有效ProxyIP",
  "timestamp": "2025-11-16T17:33:03.887Z"
}
STDERR: 
Return Code: 0


--- 代理: 121.160.141.47:10281 ---
检查结果:
STDOUT: {
  "success": true,
  "proxyIP": "121.160.141.47",
  "portRemote": 10281,
  "colo": "AMS",
  "responseTime": 551,
  "message": "第1次验证有效ProxyIP",
  "timestamp": "2025-11-16T17:33:03.874Z"
}
STDERR: 
Return Code: 0


--- 代理: 112.171.121.20:12000 ---
检查结果:
STDOUT: {
  "success": true,
  "proxyIP": "112.171.121.20",
  "portRemote": 12000,
  "colo": "AMS",
  "responseTime": 588,
  "message": "第1次验证有效ProxyIP",
  "timestamp": "2025-11-16T17:33:03.889Z"
}
STDERR: 
Return Code: 0


--- 代理: 125.136.152.137:15672 ---
检查结果:
STDOUT: {
  "success": true,
  "proxyIP": "125.136.152.137",
  "portRemote": 15672,
  "colo": "AMS",
  "responseTime": 571,
  "message": "第1次验证有效ProxyIP",
  "timestamp": "2025-11-16T17:33:03.909Z"
}
STDERR: 
Return Code: 0


--- 代理: 59.12.158.224:10331 ---
检查结果:
STDOUT: {
  "success": true,
  "proxyIP": "59.12.158.224",
  "portRemote": 10331,
  "colo": "AMS",
  "responseTime": 567,
  "message": "第1次验证有效ProxyIP",
  "timestamp": "2025-11-16T17:33:04.679Z"
}
STDERR: 
Return Code: 0


--- 代理: 221.153.59.233:18004 ---
检查结果:
STDOUT: {
  "success": true,
  "proxyIP": "221.153.59.233",
  "portRemote": 18004,
  "colo": "AMS",
  "responseTime": 564,
  "message": "第1次验证有效ProxyIP",
  "timestamp": "2025-11-16T17:33:04.833Z"
}
STDERR: 
Return Code: 0


--- 代理: 175.196.171.78:32771 ---
检查结果:
STDOUT: {
  "success": true,
  "proxyIP": "175.196.171.78",
  "portRemote": 32771,
  "colo": "AMS",
  "responseTime": 531,
  "message": "第1次验证有效ProxyIP",
  "timestamp": "2025-11-16T17:33:05.163Z"
}
STDERR: 
Return Code: 0


--- 代理: 125.133.160.129:14430 ---
检查结果:
STDOUT: {
  "success": true,
  "proxyIP": "125.133.160.129",
  "portRemote": 14430,
  "colo": "AMS",
  "responseTime": 566,
  "message": "第1次验证有效ProxyIP",
  "timestamp": "2025-11-16T17:33:05.701Z"
}
STDERR: 
Return Code: 0


--- 代理: 211.228.85.103:12121 ---
检查结果:
STDOUT: {
  "success": true,
  "proxyIP": "211.228.85.103",
  "portRemote": 12121,
  "colo": "AMS",
  "responseTime": 591,
  "message": "第1次验证有效ProxyIP",
  "timestamp": "2025-11-16T17:33:05.769Z"
}
STDERR: 
Return Code: 0


--- 代理: 112.184.57.174:10378 ---
检查结果:
STDOUT: {
  "success": true,
  "proxyIP": "112.184.57.174",
  "portRemote": 10378,
  "colo": "AMS",
  "responseTime": 606,
  "message": "第1次验证有效ProxyIP",
  "timestamp": "2025-11-16T17:33:05.920Z"
}
STDERR: 
Return Code: 0


--- 代理: 183.106.163.194:12125 ---
检查结果:
STDOUT: {
  "success": true,
  "proxyIP": "183.106.163.194",
  "portRemote": 12125,
  "colo": "AMS",
  "responseTime": 565,
  "message": "第1次验证有效ProxyIP",
  "timestamp": "2025-11-16T17:33:05.998Z"
}
STDERR: 
Return Code: 0


--- 代理: 14.56.64.57:12186 ---
检查结果:
STDOUT: {
  "success": true,
  "proxyIP": "14.56.64.57",
  "portRemote": 12186,
  "colo": "AMS",
  "responseTime": 585,
  "message": "第1次验证有效ProxyIP",
  "timestamp": "2025-11-16T17:33:06.116Z"
}
STDERR: 
Return Code: 0


--- 代理: 222.113.18.206:10004 ---
检查结果:
STDOUT: {
  "success": true,
  "proxyIP": "222.113.18.206",
  "portRemote": 10004,
  "colo": "AMS",
  "responseTime": 569,
  "message": "第1次验证有效ProxyIP",
  "timestamp": "2025-11-16T17:33:06.566Z"
}
STDERR: 
Return Code: 0


--- 代理: 59.4.15.31:16358 ---
检查结果:
STDOUT: {
  "success": true,
  "proxyIP": "59.4.15.31",
  "portRemote": 16358,
  "colo": "AMS",
  "responseTime": 595,
  "message": "第1次验证有效ProxyIP",
  "timestamp": "2025-11-16T17:33:06.732Z"
}
STDERR: 
Return Code: 0


--- 代理: 118.47.65.248:50000 ---
检查结果:
STDOUT: {
  "success": true,
  "proxyIP": "118.47.65.248",
  "portRemote": 50000,
  "colo": "AMS",
  "responseTime": 578,
  "message": "第1次验证有效ProxyIP",
  "timestamp": "2025-11-16T17:33:06.059Z"
}
STDERR: 
Return Code: 0


--- 代理: 14.37.103.127:10312 ---
检查结果:
STDOUT: {
  "success": true,
  "proxyIP": "14.37.103.127",
  "portRemote": 10312,
  "colo": "AMS",
  "responseTime": 580,
  "message": "第1次验证有效ProxyIP",
  "timestamp": "2025-11-16T17:33:06.951Z"
}
STDERR: 
Return Code: 0


--- 代理: 119.192.158.53:32779 ---
检查结果:
STDOUT: {
  "success": true,
  "proxyIP": "119.192.158.53",
  "portRemote": 32779,
  "colo": "AMS",
  "responseTime": 552,
  "message": "第1次验证有效ProxyIP",
  "timestamp": "2025-11-16T17:33:07.506Z"
}
STDERR: 
Return Code: 0


--- 代理: 125.142.239.251:20000 ---
检查结果:
STDOUT: {
  "success": true,
  "proxyIP": "125.142.239.251",
  "portRemote": 20000,
  "colo": "AMS",
  "responseTime": 598,
  "message": "第1次验证有效ProxyIP",
  "timestamp": "2025-11-16T17:33:07.605Z"
}
STDERR: 
Return Code: 0


--- 代理: 218.144.55.101:10298 ---
检查结果:
STDOUT: {
  "success": true,
  "proxyIP": "218.144.55.101",
  "portRemote": 10298,
  "colo": "AMS",
  "responseTime": 593,
  "message": "第1次验证有效ProxyIP",
  "timestamp": "2025-11-16T17:33:07.828Z"
}
STDERR: 
Return Code: 0


--- 代理: 112.161.221.228:10384 ---
检查结果:
STDOUT: {
  "success": true,
  "proxyIP": "112.161.221.228",
  "portRemote": 10384,
  "colo": "AMS",
  "responseTime": 563,
  "message": "第1次验证有效ProxyIP",
  "timestamp": "2025-11-16T17:33:07.948Z"
}
STDERR: 
Return Code: 0


--- 代理: 218.147.66.126:20019 ---
检查结果:
STDOUT: {
  "success": true,
  "proxyIP": "218.147.66.126",
  "portRemote": 20019,
  "colo": "AMS",
  "responseTime": 551,
  "message": "第1次验证有效ProxyIP",
  "timestamp": "2025-11-16T17:33:07.993Z"
}
STDERR: 
Return Code: 0


--- 代理: 59.17.159.202:11008 ---
检查结果:
STDOUT: {
  "success": true,
  "proxyIP": "59.17.159.202",
  "portRemote": 11008,
  "colo": "AMS",
  "responseTime": 588,
  "message": "第1次验证有效ProxyIP",
  "timestamp": "2025-11-16T17:33:08.123Z"
}
STDERR: 
Return Code: 0


--- 代理: 121.134.16.101:33536 ---
检查结果:
STDOUT: {
  "success": true,
  "proxyIP": "121.134.16.101",
  "portRemote": 33536,
  "colo": "AMS",
  "responseTime": 538,
  "message": "第1次验证有效ProxyIP",
  "timestamp": "2025-11-16T17:33:08.476Z"
}
STDERR: 
Return Code: 0


--- 代理: 121.170.1.188:12121 ---
检查结果:
STDOUT: {
  "success": true,
  "proxyIP": "121.170.1.188",
  "portRemote": 12121,
  "colo": "AMS",
  "responseTime": 539,
  "message": "第1次验证有效ProxyIP",
  "timestamp": "2025-11-16T17:33:08.828Z"
}
STDERR: 
Return Code: 0


--- 代理: 112.165.215.157:50000 ---
检查结果:
STDOUT: {
  "success": true,
  "proxyIP": "112.165.215.157",
  "portRemote": 50000,
  "colo": "AMS",
  "responseTime": 554,
  "message": "第1次验证有效ProxyIP",
  "timestamp": "2025-11-16T17:33:08.906Z"
}
STDERR: 
Return Code: 0


--- 代理: 112.162.62.163:27017 ---
检查结果:
STDOUT: {
  "success": true,
  "proxyIP": "112.162.62.163",
  "portRemote": 27017,
  "colo": "AMS",
  "responseTime": 555,
  "message": "第1次验证有效ProxyIP",
  "timestamp": "2025-11-16T17:33:09.355Z"
}
STDERR: 
Return Code: 0


--- 代理: 119.195.168.105:12417 ---
检查结果:
STDOUT: {
  "success": true,
  "proxyIP": "119.195.168.105",
  "portRemote": 12417,
  "colo": "AMS",
  "responseTime": 549,
  "message": "第1次验证有效ProxyIP",
  "timestamp": "2025-11-16T17:33:09.378Z"
}
STDERR: 
Return Code: 0


--- 代理: 211.251.27.149:10111 ---
检查结果:
STDOUT: {
  "success": true,
  "proxyIP": "211.251.27.149",
  "portRemote": 10111,
  "colo": "AMS",
  "responseTime": 589,
  "message": "第1次验证有效ProxyIP",
  "timestamp": "2025-11-16T17:33:09.584Z"
}
STDERR: 
Return Code: 0


--- 代理: 59.27.239.101:50001 ---
检查结果:
STDOUT: {
  "success": true,
  "proxyIP": "59.27.239.101",
  "portRemote": 50001,
  "colo": "AMS",
  "responseTime": 562,
  "message": "第1次验证有效ProxyIP",
  "timestamp": "2025-11-16T17:33:09.703Z"
}
STDERR: 
Return Code: 0


--- 代理: 121.133.158.121:11065 ---
检查结果:
STDOUT: {
  "success": true,
  "proxyIP": "121.133.158.121",
  "portRemote": 11065,
  "colo": "AMS",
  "responseTime": 531,
  "message": "第1次验证有效ProxyIP",
  "timestamp": "2025-11-16T17:33:09.847Z"
}
STDERR: 
Return Code: 0


--- 代理: 222.101.92.121:11434 ---
检查结果:
STDOUT: {
  "success": true,
  "proxyIP": "222.101.92.121",
  "portRemote": 11434,
  "colo": "AMS",
  "responseTime": 570,
  "message": "第1次验证有效ProxyIP",
  "timestamp": "2025-11-16T17:33:09.867Z"
}
STDERR: 
Return Code: 0


--- 代理: 220.81.10.138:11103 ---
检查结果:
STDOUT: {
  "success": true,
  "proxyIP": "220.81.10.138",
  "portRemote": 11103,
  "colo": "AMS",
  "responseTime": 600,
  "message": "第1次验证有效ProxyIP",
  "timestamp": "2025-11-16T17:33:10.088Z"
}
STDERR: 
Return Code: 0


--- 代理: 118.44.15.9:10343 ---
检查结果:
STDOUT: {
  "success": true,
  "proxyIP": "118.44.15.9",
  "portRemote": 10343,
  "colo": "AMS",
  "responseTime": 597,
  "message": "第1次验证有效ProxyIP",
  "timestamp": "2025-11-16T17:33:10.425Z"
}
STDERR: 
Return Code: 0


--- 代理: 112.163.215.224:30001 ---
检查结果:
STDOUT: {
  "success": true,
  "proxyIP": "112.163.215.224",
  "portRemote": 30001,
  "colo": "AMS",
  "responseTime": 606,
  "message": "第1次验证有效ProxyIP",
  "timestamp": "2025-11-16T17:33:10.822Z"
}
STDERR: 
Return Code: 0


--- 代理: 222.101.92.121:11333 ---
检查结果:
STDOUT: {
  "success": true,
  "proxyIP": "222.101.92.121",
  "portRemote": 11333,
  "colo": "AMS",
  "responseTime": 589,
  "message": "第1次验证有效ProxyIP",
  "timestamp": "2025-11-16T17:33:10.827Z"
}
STDERR: 
Return Code: 0


--- 代理: 175.206.226.93:10305 ---
检查结果:
STDOUT: {
  "success": true,
  "proxyIP": "175.206.226.93",
  "portRemote": 10305,
  "colo": "AMS",
  "responseTime": 530,
  "message": "第1次验证有效ProxyIP",
  "timestamp": "2025-11-16T17:33:11.260Z"
}
STDERR: 
Return Code: 0


--- 代理: 121.161.110.42:12445 ---
检查结果:
STDOUT: {
  "success": true,
  "proxyIP": "121.161.110.42",
  "portRemote": 12445,
  "colo": "AMS",
  "responseTime": 538,
  "message": "第1次验证有效ProxyIP",
  "timestamp": "2025-11-16T17:33:11.669Z"
}
STDERR: 
Return Code: 0


--- 代理: 112.172.202.53:33138 ---
检查结果:
STDOUT: {
  "success": true,
  "proxyIP": "112.172.202.53",
  "portRemote": 33138,
  "colo": "AMS",
  "responseTime": 581,
  "message": "第1次验证有效ProxyIP",
  "timestamp": "2025-11-16T17:33:11.770Z"
}
STDERR: 
Return Code: 0


--- 代理: 222.99.201.207:33848 ---
检查结果:
STDOUT: {
  "success": true,
  "proxyIP": "222.99.201.207",
  "portRemote": 33848,
  "colo": "AMS",
  "responseTime": 549,
  "message": "第1次验证有效ProxyIP",
  "timestamp": "2025-11-16T17:33:11.808Z"
}
STDERR: 
Return Code: 0


--- 代理: 211.194.169.14:12699 ---
检查结果:
STDOUT: {
  "success": true,
  "proxyIP": "211.194.169.14",
  "portRemote": 12699,
  "colo": "AMS",
  "responseTime": 556,
  "message": "第1次验证有效ProxyIP",
  "timestamp": "2025-11-16T17:33:11.979Z"
}
STDERR: 
Return Code: 0


--- 代理: 14.48.133.43:10358 ---
检查结果:
STDOUT: {
  "success": true,
  "proxyIP": "14.48.133.43",
  "portRemote": 10358,
  "colo": "AMS",
  "responseTime": 571,
  "message": "第1次验证有效ProxyIP",
  "timestamp": "2025-11-16T17:33:12.209Z"
}
STDERR: 
Return Code: 0


--- 代理: 121.148.19.178:10999 ---
检查结果:
STDOUT: {
  "success": true,
  "proxyIP": "121.148.19.178",
  "portRemote": 10999,
  "colo": "AMS",
  "responseTime": 588,
  "message": "第1次验证有效ProxyIP",
  "timestamp": "2025-11-16T17:33:12.345Z"
}
STDERR: 
Return Code: 0


--- 代理: 183.109.254.132:10012 ---
检查结果:
STDOUT: {
  "success": true,
  "proxyIP": "183.109.254.132",
  "portRemote": 10012,
  "colo": "AMS",
  "responseTime": 604,
  "message": "第1次验证有效ProxyIP",
  "timestamp": "2025-11-16T17:33:12.716Z"
}
STDERR: 
Return Code: 0


--- 代理: 222.112.25.76:11701 ---
检查结果:
STDOUT: {
  "success": true,
  "proxyIP": "222.112.25.76",
  "portRemote": 11701,
  "colo": "AMS",
  "responseTime": 537,
  "message": "第1次验证有效ProxyIP",
  "timestamp": "2025-11-16T17:33:12.713Z"
}
STDERR: 
Return Code: 0


--- 代理: 222.117.169.58:12125 ---
检查结果:
STDOUT: {
  "success": true,
  "proxyIP": "222.117.169.58",
  "portRemote": 12125,
  "colo": "AMS",
  "responseTime": 549,
  "message": "第1次验证有效ProxyIP",
  "timestamp": "2025-11-16T17:33:12.172Z"
}
STDERR: 
Return Code: 0


--- 代理: 112.161.231.2:11065 ---
检查结果:
STDOUT: {
  "success": true,
  "proxyIP": "112.161.231.2",
  "portRemote": 11065,
  "colo": "AMS",
  "responseTime": 534,
  "message": "第1次验证有效ProxyIP",
  "timestamp": "2025-11-16T17:33:13.173Z"
}
STDERR: 
Return Code: 0


--- 代理: 59.29.89.197:20114 ---
检查结果:
STDOUT: {
  "success": true,
  "proxyIP": "59.29.89.197",
  "portRemote": 20114,
  "colo": "AMS",
  "responseTime": 627,
  "message": "第1次验证有效ProxyIP",
  "timestamp": "2025-11-16T17:33:13.695Z"
}
STDERR: 
Return Code: 0


--- 代理: 112.163.254.241:10600 ---
检查结果:
STDOUT: {
  "success": true,
  "proxyIP": "112.163.254.241",
  "portRemote": 10600,
  "colo": "AMS",
  "responseTime": 578,
  "message": "第1次验证有效ProxyIP",
  "timestamp": "2025-11-16T17:33:14.108Z"
}
STDERR: 
Return Code: 0


--- 代理: 112.167.218.150:10155 ---
检查结果:
STDOUT: {
  "success": true,
  "proxyIP": "112.167.218.150",
  "portRemote": 10155,
  "colo": "AMS",
  "responseTime": 554,
  "message": "第1次验证有效ProxyIP",
  "timestamp": "2025-11-16T17:33:14.200Z"
}
STDERR: 
Return Code: 0


--- 代理: 14.48.133.43:10128 ---
检查结果:
STDOUT: {
  "success": true,
  "proxyIP": "14.48.133.43",
  "portRemote": 10128,
  "colo": "AMS",
  "responseTime": 558,
  "message": "第1次验证有效ProxyIP",
  "timestamp": "2025-11-16T17:33:13.915Z"
}
STDERR: 
Return Code: 0


--- 代理: 112.162.138.75:50001 ---
检查结果:
STDOUT: {
  "success": true,
  "proxyIP": "112.162.138.75",
  "portRemote": 50001,
  "colo": "AMS",
  "responseTime": 555,
  "message": "第1次验证有效ProxyIP",
  "timestamp": "2025-11-16T17:33:14.279Z"
}
STDERR: 
Return Code: 0


--- 代理: 211.253.199.243:10044 ---
检查结果:
STDOUT: {
  "success": true,
  "proxyIP": "211.253.199.243",
  "portRemote": 10044,
  "colo": "AMS",
  "responseTime": 545,
  "message": "第1次验证有效ProxyIP",
  "timestamp": "2025-11-16T17:33:14.579Z"
}
STDERR: 
Return Code: 0


--- 代理: 220.125.207.242:12309 ---
检查结果:
STDOUT: {
  "success": true,
  "proxyIP": "220.125.207.242",
  "portRemote": 12309,
  "colo": "AMS",
  "responseTime": 579,
  "message": "第1次验证有效ProxyIP",
  "timestamp": "2025-11-16T17:33:13.927Z"
}
STDERR: 
Return Code: 0


--- 代理: 14.32.38.125:20055 ---
检查结果:
STDOUT: {
  "success": true,
  "proxyIP": "14.32.38.125",
  "portRemote": 20055,
  "colo": "AMS",
  "responseTime": 529,
  "message": "第1次验证有效ProxyIP",
  "timestamp": "2025-11-16T17:33:14.788Z"
}
STDERR: 
Return Code: 0


--- 代理: 220.125.34.93:27017 ---
检查结果:
STDOUT: {
  "success": true,
  "proxyIP": "220.125.34.93",
  "portRemote": 27017,
  "colo": "AMS",
  "responseTime": 547,
  "message": "第1次验证有效ProxyIP",
  "timestamp": "2025-11-16T17:33:15.392Z"
}
STDERR: 
Return Code: 0


--- 代理: 211.106.84.19:10439 ---
检查结果:
STDOUT: {
  "success": true,
  "proxyIP": "211.106.84.19",
  "portRemote": 10439,
  "colo": "AMS",
  "responseTime": 568,
  "message": "第1次验证有效ProxyIP",
  "timestamp": "2025-11-16T17:33:15.660Z"
}
STDERR: 
Return Code: 0


--- 代理: 14.42.237.24:10447 ---
检查结果:
STDOUT: {
  "success": true,
  "proxyIP": "14.42.237.24",
  "portRemote": 10447,
  "colo": "AMS",
  "responseTime": 569,
  "message": "第1次验证有效ProxyIP",
  "timestamp": "2025-11-16T17:33:15.999Z"
}
STDERR: 
Return Code: 0


--- 代理: 59.13.59.197:15000 ---
检查结果:
STDOUT: {
  "success": true,
  "proxyIP": "59.13.59.197",
  "portRemote": 15000,
  "colo": "AMS",
  "responseTime": 583,
  "message": "第1次验证有效ProxyIP",
  "timestamp": "2025-11-16T17:33:16.109Z"
}
STDERR: 
Return Code: 0


--- 代理: 222.120.238.191:10456 ---
检查结果:
STDOUT: {
  "success": true,
  "proxyIP": "222.120.238.191",
  "portRemote": 10456,
  "colo": "AMS",
  "responseTime": 554,
  "message": "第1次验证有效ProxyIP",
  "timestamp": "2025-11-16T17:33:16.190Z"
}
STDERR: 
Return Code: 0


--- 代理: 121.147.127.154:32396 ---
检查结果:
STDOUT: {
  "success": true,
  "proxyIP": "121.147.127.154",
  "portRemote": 32396,
  "colo": "AMS",
  "responseTime": 578,
  "message": "第1次验证有效ProxyIP",
  "timestamp": "2025-11-16T17:33:16.283Z"
}
STDERR: 
Return Code: 0


--- 代理: 183.103.4.162:12190 ---
检查结果:
STDOUT: {
  "success": true,
  "proxyIP": "183.103.4.162",
  "portRemote": 12190,
  "colo": "AMS",
  "responseTime": 567,
  "message": "第1次验证有效ProxyIP",
  "timestamp": "2025-11-16T17:33:16.364Z"
}
STDERR: 
Return Code: 0


--- 代理: 222.114.190.246:50001 ---
检查结果:
STDOUT: {
  "success": true,
  "proxyIP": "222.114.190.246",
  "portRemote": 50001,
  "colo": "AMS",
  "responseTime": 533,
  "message": "第1次验证有效ProxyIP",
  "timestamp": "2025-11-16T17:33:16.612Z"
}
STDERR: 
Return Code: 0


--- 代理: 220.118.248.123:18886 ---
检查结果:
STDOUT: {
  "success": true,
  "proxyIP": "220.118.248.123",
  "portRemote": 18886,
  "colo": "AMS",
  "responseTime": 548,
  "message": "第1次验证有效ProxyIP",
  "timestamp": "2025-11-16T17:33:16.673Z"
}
STDERR: 
Return Code: 0


--- 代理: 211.194.171.129:12320 ---
检查结果:
STDOUT: {
  "success": true,
  "proxyIP": "211.194.171.129",
  "portRemote": 12320,
  "colo": "AMS",
  "responseTime": 623,
  "message": "第1次验证有效ProxyIP",
  "timestamp": "2025-11-16T17:33:16.754Z"
}
STDERR: 
Return Code: 0


--- 代理: 119.204.205.68:10426 ---
检查结果:
STDOUT: {
  "success": true,
  "proxyIP": "119.204.205.68",
  "portRemote": 10426,
  "colo": "AMS",
  "responseTime": 559,
  "message": "第1次验证有效ProxyIP",
  "timestamp": "2025-11-16T17:33:17.318Z"
}
STDERR: 
Return Code: 0


--- 代理: 112.163.254.241:12150 ---
检查结果:
STDOUT: {
  "success": true,
  "proxyIP": "112.163.254.241",
  "portRemote": 12150,
  "colo": "AMS",
  "responseTime": 592,
  "message": "第1次验证有效ProxyIP",
  "timestamp": "2025-11-16T17:33:17.888Z"
}
STDERR: 
Return Code: 0


--- 代理: 220.125.55.47:12251 ---
检查结果:
STDOUT: {
  "success": true,
  "proxyIP": "220.125.55.47",
  "portRemote": 12251,
  "colo": "AMS",
  "responseTime": 590,
  "message": "第1次验证有效ProxyIP",
  "timestamp": "2025-11-16T17:33:18.088Z"
}
STDERR: 
Return Code: 0


--- 代理: 14.56.64.57:12036 ---
检查结果:
STDOUT: {
  "success": true,
  "proxyIP": "14.56.64.57",
  "portRemote": 12036,
  "colo": "AMS",
  "responseTime": 587,
  "message": "第1次验证有效ProxyIP",
  "timestamp": "2025-11-16T17:33:18.052Z"
}
STDERR: 
Return Code: 0


--- 代理: 220.120.42.36:12165 ---
检查结果:
STDOUT: {
  "success": true,
  "proxyIP": "220.120.42.36",
  "portRemote": 12165,
  "colo": "AMS",
  "responseTime": 563,
  "message": "第1次验证有效ProxyIP",
  "timestamp": "2025-11-16T17:33:18.152Z"
}
STDERR: 
Return Code: 0


--- 代理: 221.148.193.190:16992 ---
检查结果:
STDOUT: {
  "success": true,
  "proxyIP": "221.148.193.190",
  "portRemote": 16992,
  "colo": "AMS",
  "responseTime": 544,
  "message": "第1次验证有效ProxyIP",
  "timestamp": "2025-11-16T17:33:18.473Z"
}
STDERR: 
Return Code: 0


--- 代理: 220.125.55.47:16012 ---
检查结果:
STDOUT: {
  "success": true,
  "proxyIP": "220.125.55.47",
  "portRemote": 16012,
  "colo": "AMS",
  "responseTime": 562,
  "message": "第1次验证有效ProxyIP",
  "timestamp": "2025-11-16T17:33:18.770Z"
}
STDERR: 
Return Code: 0


--- 代理: 222.106.235.27:30452 ---
检查结果:
STDOUT: {
  "success": true,
  "proxyIP": "222.106.235.27",
  "portRemote": 30452,
  "colo": "AMS",
  "responseTime": 578,
  "message": "第1次验证有效ProxyIP",
  "timestamp": "2025-11-16T17:33:18.303Z"
}
STDERR: 
Return Code: 0


--- 代理: 112.161.221.228:10051 ---
检查结果:
STDOUT: {
  "success": true,
  "proxyIP": "112.161.221.228",
  "portRemote": 10051,
  "colo": "AMS",
  "responseTime": 567,
  "message": "第1次验证有效ProxyIP",
  "timestamp": "2025-11-16T17:33:19.296Z"
}
STDERR: 
Return Code: 0


--- 代理: 218.154.216.119:10395 ---
检查结果:
STDOUT: {
  "success": true,
  "proxyIP": "218.154.216.119",
  "portRemote": 10395,
  "colo": "AMS",
  "responseTime": 595,
  "message": "第1次验证有效ProxyIP",
  "timestamp": "2025-11-16T17:33:18.098Z"
}
STDERR: 
Return Code: 0


--- 代理: 118.41.121.135:18017 ---
检查结果:
STDOUT: {
  "success": true,
  "proxyIP": "118.41.121.135",
  "portRemote": 18017,
  "colo": "AMS",
  "responseTime": 574,
  "message": "第1次验证有效ProxyIP",
  "timestamp": "2025-11-16T17:33:19.814Z"
}
STDERR: 
Return Code: 0


--- 代理: 221.157.139.47:10375 ---
检查结果:
STDOUT: {
  "success": true,
  "proxyIP": "221.157.139.47",
  "portRemote": 10375,
  "colo": "AMS",
  "responseTime": 574,
  "message": "第1次验证有效ProxyIP",
  "timestamp": "2025-11-16T17:33:19.814Z"
}
STDERR: 
Return Code: 0


--- 代理: 121.140.52.16:10298 ---
检查结果:
STDOUT: {
  "success": true,
  "proxyIP": "121.140.52.16",
  "portRemote": 10298,
  "colo": "AMS",
  "responseTime": 516,
  "message": "第1次验证有效ProxyIP",
  "timestamp": "2025-11-16T17:33:19.882Z"
}
STDERR: 
Return Code: 0


--- 代理: 59.12.145.2:50001 ---
检查结果:
STDOUT: {
  "success": true,
  "proxyIP": "59.12.145.2",
  "portRemote": 50001,
  "colo": "AMS",
  "responseTime": 568,
  "message": "第1次验证有效ProxyIP",
  "timestamp": "2025-11-16T17:33:20.205Z"
}
STDERR: 
Return Code: 0


--- 代理: 112.170.95.30:12300 ---
检查结果:
STDOUT: {
  "success": true,
  "proxyIP": "112.170.95.30",
  "portRemote": 12300,
  "colo": "AMS",
  "responseTime": 566,
  "message": "第1次验证有效ProxyIP",
  "timestamp": "2025-11-16T17:33:20.270Z"
}
STDERR: 
Return Code: 0


--- 代理: 222.104.213.148:33143 ---
检查结果:
STDOUT: {
  "success": true,
  "proxyIP": "222.104.213.148",
  "portRemote": 33143,
  "colo": "AMS",
  "responseTime": 615,
  "message": "第1次验证有效ProxyIP",
  "timestamp": "2025-11-16T17:33:20.719Z"
}
STDERR: 
Return Code: 0


--- 代理: 112.166.42.156:10206 ---
检查结果:
STDOUT: {
  "success": true,
  "proxyIP": "112.166.42.156",
  "portRemote": 10206,
  "colo": "AMS",
  "responseTime": 569,
  "message": "第1次验证有效ProxyIP",
  "timestamp": "2025-11-16T17:33:21.418Z"
}
STDERR: 
Return Code: 0


--- 代理: 118.35.119.142:10252 ---
检查结果:
STDOUT: {
  "success": true,
  "proxyIP": "118.35.119.142",
  "portRemote": 10252,
  "colo": "AMS",
  "responseTime": 555,
  "message": "第1次验证有效ProxyIP",
  "timestamp": "2025-11-16T17:33:21.238Z"
}
STDERR: 
Return Code: 0


--- 代理: 121.152.118.98:20057 ---
检查结果:
STDOUT: {
  "success": true,
  "proxyIP": "121.152.118.98",
  "portRemote": 20057,
  "colo": "AMS",
  "responseTime": 600,
  "message": "第1次验证有效ProxyIP",
  "timestamp": "2025-11-16T17:33:21.688Z"
}
STDERR: 
Return Code: 0


--- 代理: 121.153.128.196:10216 ---
检查结果:
STDOUT: {
  "success": true,
  "proxyIP": "121.153.128.196",
  "portRemote": 10216,
  "colo": "AMS",
  "responseTime": 546,
  "message": "第1次验证有效ProxyIP",
  "timestamp": "2025-11-16T17:33:21.704Z"
}
STDERR: 
Return Code: 0


--- 代理: 59.19.210.250:12224 ---
检查结果:
STDOUT: {
  "success": true,
  "proxyIP": "59.19.210.250",
  "portRemote": 12224,
  "colo": "AMS",
  "responseTime": 600,
  "message": "第1次验证有效ProxyIP",
  "timestamp": "2025-11-16T17:33:21.761Z"
}
STDERR: 
Return Code: 0


--- 代理: 218.147.66.126:10281 ---
检查结果:
STDOUT: {
  "success": true,
  "proxyIP": "218.147.66.126",
  "portRemote": 10281,
  "colo": "AMS",
  "responseTime": 559,
  "message": "第1次验证有效ProxyIP",
  "timestamp": "2025-11-16T17:33:21.774Z"
}
STDERR: 
Return Code: 0


--- 代理: 211.33.204.60:10324 ---
检查结果:
STDOUT: {
  "success": true,
  "proxyIP": "211.33.204.60",
  "portRemote": 10324,
  "colo": "AMS",
  "responseTime": 561,
  "message": "第1次验证有效ProxyIP",
  "timestamp": "2025-11-16T17:33:21.294Z"
}
STDERR: 
Return Code: 0


--- 代理: 14.32.38.125:10444 ---
检查结果:
STDOUT: {
  "success": true,
  "proxyIP": "14.32.38.125",
  "portRemote": 10444,
  "colo": "AMS",
  "responseTime": 564,
  "message": "第1次验证有效ProxyIP",
  "timestamp": "2025-11-16T17:33:22.130Z"
}
STDERR: 
Return Code: 0


--- 代理: 211.227.114.208:30003 ---
检查结果:
STDOUT: {
  "success": true,
  "proxyIP": "211.227.114.208",
  "portRemote": 30003,
  "colo": "AMS",
  "responseTime": 568,
  "message": "第1次验证有效ProxyIP",
  "timestamp": "2025-11-16T17:33:22.180Z"
}
STDERR: 
Return Code: 0


--- 代理: 218.147.68.117:33530 ---
检查结果:
STDOUT: {
  "success": true,
  "proxyIP": "218.147.68.117",
  "portRemote": 33530,
  "colo": "AMS",
  "responseTime": 569,
  "message": "第1次验证有效ProxyIP",
  "timestamp": "2025-11-16T17:33:22.595Z"
}
STDERR: 
Return Code: 0


--- 代理: 14.56.64.57:33334 ---
检查结果:
STDOUT: {
  "success": true,
  "proxyIP": "14.56.64.57",
  "portRemote": 33334,
  "colo": "AMS",
  "responseTime": 555,
  "message": "第1次验证有效ProxyIP",
  "timestamp": "2025-11-16T17:33:23.374Z"
}
STDERR: 
Return Code: 0


--- 代理: 118.44.15.9:20142 ---
检查结果:
STDOUT: {
  "success": true,
  "proxyIP": "118.44.15.9",
  "portRemote": 20142,
  "colo": "AMS",
  "responseTime": 563,
  "message": "第1次验证有效ProxyIP",
  "timestamp": "2025-11-16T17:33:23.383Z"
}
STDERR: 
Return Code: 0


--- 代理: 221.160.73.30:10443 ---
检查结果:
STDOUT: {
  "success": true,
  "proxyIP": "221.160.73.30",
  "portRemote": 10443,
  "colo": "AMS",
  "responseTime": 511,
  "message": "第1次验证有效ProxyIP",
  "timestamp": "2025-11-16T17:33:23.516Z"
}
STDERR: 
Return Code: 0


--- 代理: 14.42.237.24:10413 ---
检查结果:
STDOUT: {
  "success": true,
  "proxyIP": "14.42.237.24",
  "portRemote": 10413,
  "colo": "AMS",
  "responseTime": 557,
  "message": "第1次验证有效ProxyIP",
  "timestamp": "2025-11-16T17:33:23.582Z"
}
STDERR: 
Return Code: 0


--- 代理: 118.47.106.163:50001 ---
检查结果:
STDOUT: {
  "success": true,
  "proxyIP": "118.47.106.163",
  "portRemote": 50001,
  "colo": "AMS",
  "responseTime": 555,
  "message": "第1次验证有效ProxyIP",
  "timestamp": "2025-11-16T17:33:23.660Z"
}
STDERR: 
Return Code: 0


--- 代理: 121.172.105.181:20025 ---
检查结果:
STDOUT: {
  "success": true,
  "proxyIP": "121.172.105.181",
  "portRemote": 20025,
  "colo": "AMS",
  "responseTime": 584,
  "message": "第1次验证有效ProxyIP",
  "timestamp": "2025-11-16T17:33:23.683Z"
}
STDERR: 
Return Code: 0


--- 代理: 222.101.92.121:10207 ---
检查结果:
STDOUT: {
  "success": true,
  "proxyIP": "222.101.92.121",
  "portRemote": 10207,
  "colo": "AMS",
  "responseTime": 548,
  "message": "第1次验证有效ProxyIP",
  "timestamp": "2025-11-16T17:33:24.084Z"
}
STDERR: 
Return Code: 0


--- 代理: 222.112.25.76:10447 ---
检查结果:
STDOUT: {
  "success": true,
  "proxyIP": "222.112.25.76",
  "portRemote": 10447,
  "colo": "AMS",
  "responseTime": 556,
  "message": "第1次验证有效ProxyIP",
  "timestamp": "2025-11-16T17:33:24.090Z"
}
STDERR: 
Return Code: 0


--- 代理: 175.208.111.195:50001 ---
检查结果:
STDOUT: {
  "success": true,
  "proxyIP": "175.208.111.195",
  "portRemote": 50001,
  "colo": "AMS",
  "responseTime": 574,
  "message": "第1次验证有效ProxyIP",
  "timestamp": "2025-11-16T17:33:24.514Z"
}
STDERR: 
Return Code: 0


--- 代理: 211.253.199.243:21305 ---
检查结果:
STDOUT: {
  "success": true,
  "proxyIP": "211.253.199.243",
  "portRemote": 21305,
  "colo": "AMS",
  "responseTime": 578,
  "message": "第1次验证有效ProxyIP",
  "timestamp": "2025-11-16T17:33:25.213Z"
}
STDERR: 
Return Code: 0


--- 代理: 121.130.41.237:20046 ---
检查结果:
STDOUT: {
  "success": true,
  "proxyIP": "121.130.41.237",
  "portRemote": 20046,
  "colo": "AMS",
  "responseTime": 543,
  "message": "第1次验证有效ProxyIP",
  "timestamp": "2025-11-16T17:33:25.313Z"
}
STDERR: 
Return Code: 0


--- 代理: 220.88.197.4:10414 ---
检查结果:
STDOUT: {
  "success": true,
  "proxyIP": "220.88.197.4",
  "portRemote": 10414,
  "colo": "AMS",
  "responseTime": 585,
  "message": "第1次验证有效ProxyIP",
  "timestamp": "2025-11-16T17:33:25.334Z"
}
STDERR: 
Return Code: 0


--- 代理: 121.131.42.144:50000 ---
检查结果:
STDOUT: {
  "success": true,
  "proxyIP": "121.131.42.144",
  "portRemote": 50000,
  "colo": "AMS",
  "responseTime": 543,
  "message": "第1次验证有效ProxyIP",
  "timestamp": "2025-11-16T17:33:25.536Z"
}
STDERR: 
Return Code: 0


--- 代理: 211.106.84.19:10203 ---
检查结果:
STDOUT: {
  "success": true,
  "proxyIP": "211.106.84.19",
  "portRemote": 10203,
  "colo": "AMS",
  "responseTime": 568,
  "message": "第1次验证有效ProxyIP",
  "timestamp": "2025-11-16T17:33:25.545Z"
}
STDERR: 
Return Code: 0


--- 代理: 118.35.119.142:10086 ---
检查结果:
STDOUT: {
  "success": true,
  "proxyIP": "118.35.119.142",
  "portRemote": 10086,
  "colo": "AMS",
  "responseTime": 559,
  "message": "第1次验证有效ProxyIP",
  "timestamp": "2025-11-16T17:33:25.618Z"
}
STDERR: 
Return Code: 0


--- 代理: 61.83.160.203:50001 ---
检查结果:
STDOUT: {
  "success": true,
  "proxyIP": "61.83.160.203",
  "portRemote": 50001,
  "colo": "AMS",
  "responseTime": 584,
  "message": "第1次验证有效ProxyIP",
  "timestamp": "2025-11-16T17:33:25.430Z"
}
STDERR: 
Return Code: 0


--- 代理: 211.197.161.123:10428 ---
检查结果:
STDOUT: {
  "success": true,
  "proxyIP": "211.197.161.123",
  "portRemote": 10428,
  "colo": "AMS",
  "responseTime": 540,
  "message": "第1次验证有效ProxyIP",
  "timestamp": "2025-11-16T17:33:25.924Z"
}
STDERR: 
Return Code: 0


--- 代理: 121.151.58.209:30017 ---
检查结果:
STDOUT: {
  "success": true,
  "proxyIP": "121.151.58.209",
  "portRemote": 30017,
  "colo": "AMS",
  "responseTime": 544,
  "message": "第1次验证有效ProxyIP",
  "timestamp": "2025-11-16T17:33:25.940Z"
}
STDERR: 
Return Code: 0


--- 代理: 59.6.239.208:14897 ---
检查结果:
STDOUT: {
  "success": true,
  "proxyIP": "59.6.239.208",
  "portRemote": 14897,
  "colo": "AMS",
  "responseTime": 582,
  "message": "第1次验证有效ProxyIP",
  "timestamp": "2025-11-16T17:33:26.384Z"
}
STDERR: 
Return Code: 0


--- 代理: 112.185.213.4:50001 ---
检查结果:
STDOUT: {
  "success": true,
  "proxyIP": "112.185.213.4",
  "portRemote": 50001,
  "colo": "AMS",
  "responseTime": 560,
  "message": "第1次验证有效ProxyIP",
  "timestamp": "2025-11-16T17:33:27.268Z"
}
STDERR: 
Return Code: 0


--- 代理: 112.166.42.156:12202 ---
检查结果:
STDOUT: {
  "success": true,
  "proxyIP": "112.166.42.156",
  "portRemote": 12202,
  "colo": "AMS",
  "responseTime": 558,
  "message": "第1次验证有效ProxyIP",
  "timestamp": "2025-11-16T17:33:27.274Z"
}
STDERR: 
Return Code: 0


--- 代理: 211.224.92.187:20080 ---
检查结果:
STDOUT: {
  "success": true,
  "proxyIP": "211.224.92.187",
  "portRemote": 20080,
  "colo": "AMS",
  "responseTime": 566,
  "message": "第1次验证有效ProxyIP",
  "timestamp": "2025-11-16T17:33:27.492Z"
}
STDERR: 
Return Code: 0


--- 代理: 222.97.117.227:10003 ---
检查结果:
STDOUT: {
  "success": true,
  "proxyIP": "222.97.117.227",
  "portRemote": 10003,
  "colo": "AMS",
  "responseTime": 561,
  "message": "第1次验证有效ProxyIP",
  "timestamp": "2025-11-16T17:33:27.495Z"
}
STDERR: 
Return Code: 0


--- 代理: 222.104.213.148:22990 ---
检查结果:
STDOUT: {
  "success": true,
  "proxyIP": "222.104.213.148",
  "portRemote": 22990,
  "colo": "AMS",
  "responseTime": 588,
  "message": "第1次验证有效ProxyIP",
  "timestamp": "2025-11-16T17:33:27.264Z"
}
STDERR: 
Return Code: 0


--- 代理: 183.109.254.132:12241 ---
检查结果:
STDOUT: {
  "success": true,
  "proxyIP": "183.109.254.132",
  "portRemote": 12241,
  "colo": "AMS",
  "responseTime": 590,
  "message": "第1次验证有效ProxyIP",
  "timestamp": "2025-11-16T17:33:27.535Z"
}
STDERR: 
Return Code: 0


--- 代理: 221.157.0.159:10424 ---
检查结果:
STDOUT: {
  "success": true,
  "proxyIP": "221.157.0.159",
  "portRemote": 10424,
  "colo": "AMS",
  "responseTime": 545,
  "message": "第1次验证有效ProxyIP",
  "timestamp": "2025-11-16T17:33:27.703Z"
}
STDERR: 
Return Code: 0


--- 代理: 119.201.181.172:32783 ---
检查结果:
STDOUT: {
  "success": true,
  "proxyIP": "119.201.181.172",
  "portRemote": 32783,
  "colo": "AMS",
  "responseTime": 560,
  "message": "第1次验证有效ProxyIP",
  "timestamp": "2025-11-16T17:33:27.800Z"
}
STDERR: 
Return Code: 0


--- 代理: 112.163.215.224:12172 ---
检查结果:
STDOUT: {
  "success": true,
  "proxyIP": "112.163.215.224",
  "portRemote": 12172,
  "colo": "AMS",
  "responseTime": 539,
  "message": "第1次验证有效ProxyIP",
  "timestamp": "2025-11-16T17:33:28.274Z"
}
STDERR: 
Return Code: 0


--- 代理: 220.72.32.44:28080 ---
检查结果:
STDOUT: {
  "success": true,
  "proxyIP": "220.72.32.44",
  "portRemote": 28080,
  "colo": "AMS",
  "responseTime": 562,
  "message": "第1次验证有效ProxyIP",
  "timestamp": "2025-11-16T17:33:27.811Z"
}
STDERR: 
Return Code: 0


--- 代理: 112.162.62.163:10943 ---
检查结果:
STDOUT: {
  "success": true,
  "proxyIP": "112.162.62.163",
  "portRemote": 10943,
  "colo": "AMS",
  "responseTime": 602,
  "message": "第1次验证有效ProxyIP",
  "timestamp": "2025-11-16T17:33:29.223Z"
}
STDERR: 
Return Code: 0


--- 代理: 119.201.250.178:12165 ---
检查结果:
STDOUT: {
  "success": true,
  "proxyIP": "119.201.250.178",
  "portRemote": 12165,
  "colo": "AMS",
  "responseTime": 591,
  "message": "第1次验证有效ProxyIP",
  "timestamp": "2025-11-16T17:33:29.482Z"
}
STDERR: 
Return Code: 0


--- 代理: 222.104.213.148:12374 ---
检查结果:
STDOUT: {
  "success": true,
  "proxyIP": "222.104.213.148",
  "portRemote": 12374,
  "colo": "AMS",
  "responseTime": 561,
  "message": "第1次验证有效ProxyIP",
  "timestamp": "2025-11-16T17:33:29.472Z"
}
STDERR: 
Return Code: 0


--- 代理: 119.203.153.186:10002 ---
检查结果:
STDOUT: {
  "success": true,
  "proxyIP": "119.203.153.186",
  "portRemote": 10002,
  "colo": "AMS",
  "responseTime": 609,
  "message": "第1次验证有效ProxyIP",
  "timestamp": "2025-11-16T17:33:29.542Z"
}
STDERR: 
Return Code: 0


--- 代理: 175.198.63.31:33338 ---
检查结果:
STDOUT: {
  "success": true,
  "proxyIP": "175.198.63.31",
  "portRemote": 33338,
  "colo": "AMS",
  "responseTime": 564,
  "message": "第1次验证有效ProxyIP",
  "timestamp": "2025-11-16T17:33:29.522Z"
}
STDERR: 
Return Code: 0


--- 代理: 121.161.110.42:11065 ---
检查结果:
STDOUT: {
  "success": true,
  "proxyIP": "121.161.110.42",
  "portRemote": 11065,
  "colo": "AMS",
  "responseTime": 544,
  "message": "第1次验证有效ProxyIP",
  "timestamp": "2025-11-16T17:33:29.835Z"
}
STDERR: 
Return Code: 0


--- 代理: 14.34.25.156:30017 ---
检查结果:
STDOUT: {
  "success": false,
  "proxyIP": "14.34.25.156",
  "portRemote": 30017,
  "colo": "AMS",
  "responseTime": -1,
  "message": "无法通过ProxyIP访问Cloudflare",
  "timestamp": "2025-11-16T17:33:29.856Z"
}
STDERR: 
Return Code: 0


--- 代理: 59.13.59.197:12112 ---
检查结果:
STDOUT: {
  "success": true,
  "proxyIP": "59.13.59.197",
  "portRemote": 12112,
  "colo": "AMS",
  "responseTime": 537,
  "message": "第1次验证有效ProxyIP",
  "timestamp": "2025-11-16T17:33:29.404Z"
}
STDERR: 
Return Code: 0


--- 代理: 59.13.59.197:12303 ---
检查结果:
STDOUT: {
  "success": true,
  "proxyIP": "59.13.59.197",
  "portRemote": 12303,
  "colo": "AMS",
  "responseTime": 618,
  "message": "第1次验证有效ProxyIP",
  "timestamp": "2025-11-16T17:33:31.154Z"
}
STDERR: 
Return Code: 0


--- 代理: 218.152.107.124:12168 ---
检查结果:
STDOUT: {
  "success": true,
  "proxyIP": "218.152.107.124",
  "portRemote": 12168,
  "colo": "AMS",
  "responseTime": 555,
  "message": "第1次验证有效ProxyIP",
  "timestamp": "2025-11-16T17:33:31.246Z"
}
STDERR: 
Return Code: 0


--- 代理: 211.195.83.140:24844 ---
检查结果:
STDOUT: {
  "success": true,
  "proxyIP": "211.195.83.140",
  "portRemote": 24844,
  "colo": "AMS",
  "responseTime": 557,
  "message": "第1次验证有效ProxyIP",
  "timestamp": "2025-11-16T17:33:31.402Z"
}
STDERR: 
Return Code: 0


--- 代理: 125.136.152.137:10016 ---
检查结果:
STDOUT: {
  "success": true,
  "proxyIP": "125.136.152.137",
  "portRemote": 10016,
  "colo": "AMS",
  "responseTime": 556,
  "message": "第1次验证有效ProxyIP",
  "timestamp": "2025-11-16T17:33:31.468Z"
}
STDERR: 
Return Code: 0


--- 代理: 211.229.77.184:33053 ---
检查结果:
STDOUT: {
  "success": true,
  "proxyIP": "211.229.77.184",
  "portRemote": 33053,
  "colo": "AMS",
  "responseTime": 588,
  "message": "第1次验证有效ProxyIP",
  "timestamp": "2025-11-16T17:33:31.836Z"
}
STDERR: 
Return Code: 0


--- 代理: 220.121.22.18:12303 ---
检查结果:
STDOUT: {
  "success": true,
  "proxyIP": "220.121.22.18",
  "portRemote": 12303,
  "colo": "AMS",
  "responseTime": 552,
  "message": "第1次验证有效ProxyIP",
  "timestamp": "2025-11-16T17:33:31.645Z"
}
STDERR: 
Return Code: 0


--- 代理: 112.163.215.224:12194 ---
检查结果:
STDOUT: {
  "success": true,
  "proxyIP": "112.163.215.224",
  "portRemote": 12194,
  "colo": "AMS",
  "responseTime": 553,
  "message": "第1次验证有效ProxyIP",
  "timestamp": "2025-11-16T17:33:31.932Z"
}
STDERR: 
Return Code: 0


--- 代理: 222.112.25.76:10243 ---
检查结果:
STDOUT: {
  "success": true,
  "proxyIP": "222.112.25.76",
  "portRemote": 10243,
  "colo": "AMS",
  "responseTime": 544,
  "message": "第1次验证有效ProxyIP",
  "timestamp": "2025-11-16T17:33:31.060Z"
}
STDERR: 
Return Code: 0


--- 代理: 221.157.139.47:10395 ---
检查结果:
STDOUT: {
  "success": true,
  "proxyIP": "221.157.139.47",
  "portRemote": 10395,
  "colo": "AMS",
  "responseTime": 563,
  "message": "第1次验证有效ProxyIP",
  "timestamp": "2025-11-16T17:33:32.016Z"
}
STDERR: 
Return Code: 0


--- 代理: 59.3.115.115:10005 ---
检查结果:
STDOUT: {
  "success": true,
  "proxyIP": "59.3.115.115",
  "portRemote": 10005,
  "colo": "AMS",
  "responseTime": 567,
  "message": "第1次验证有效ProxyIP",
  "timestamp": "2025-11-16T17:33:33.074Z"
}
STDERR: 
Return Code: 0


--- 代理: 59.21.10.151:18003 ---
检查结果:
STDOUT: {
  "success": true,
  "proxyIP": "59.21.10.151",
  "portRemote": 18003,
  "colo": "AMS",
  "responseTime": 568,
  "message": "第1次验证有效ProxyIP",
  "timestamp": "2025-11-16T17:33:33.132Z"
}
STDERR: 
Return Code: 0


--- 代理: 112.166.47.132:50001 ---
检查结果:
STDOUT: {
  "success": true,
  "proxyIP": "112.166.47.132",
  "portRemote": 50001,
  "colo": "AMS",
  "responseTime": 574,
  "message": "第1次验证有效ProxyIP",
  "timestamp": "2025-11-16T17:33:33.144Z"
}
STDERR: 
Return Code: 0


--- 代理: 222.104.213.148:12408 ---
检查结果:
STDOUT: {
  "success": true,
  "proxyIP": "222.104.213.148",
  "portRemote": 12408,
  "colo": "AMS",
  "responseTime": 589,
  "message": "第1次验证有效ProxyIP",
  "timestamp": "2025-11-16T17:33:33.417Z"
}
STDERR: 
Return Code: 0


--- 代理: 119.199.134.244:12486 ---
检查结果:
STDOUT: {
  "success": true,
  "proxyIP": "119.199.134.244",
  "portRemote": 12486,
  "colo": "AMS",
  "responseTime": 570,
  "message": "第1次验证有效ProxyIP",
  "timestamp": "2025-11-16T17:33:33.903Z"
}
STDERR: 
Return Code: 0


--- 代理: 211.224.92.187:10316 ---
检查结果:
STDOUT: {
  "success": true,
  "proxyIP": "211.224.92.187",
  "portRemote": 10316,
  "colo": "AMS",
  "responseTime": 550,
  "message": "第1次验证有效ProxyIP",
  "timestamp": "2025-11-16T17:33:33.803Z"
}
STDERR: 
Return Code: 0


--- 代理: 175.207.249.159:50001 ---
检查结果:
STDOUT: {
  "success": true,
  "proxyIP": "175.207.249.159",
  "portRemote": 50001,
  "colo": "AMS",
  "responseTime": 589,
  "message": "第1次验证有效ProxyIP",
  "timestamp": "2025-11-16T17:33:34.163Z"
}
STDERR: 
Return Code: 0


--- 代理: 222.104.23.140:10554 ---
检查结果:
STDOUT: {
  "success": true,
  "proxyIP": "222.104.23.140",
  "portRemote": 10554,
  "colo": "AMS",
  "responseTime": 570,
  "message": "第1次验证有效ProxyIP",
  "timestamp": "2025-11-16T17:33:33.970Z"
}
STDERR: 
Return Code: 0


--- 代理: 211.106.84.19:12310 ---
检查结果:
STDOUT: {
  "success": true,
  "proxyIP": "211.106.84.19",
  "portRemote": 12310,
  "colo": "AMS",
  "responseTime": 586,
  "message": "第1次验证有效ProxyIP",
  "timestamp": "2025-11-16T17:33:34.577Z"
}
STDERR: 
Return Code: 0


--- 代理: 220.72.32.44:10005 ---
检查结果:
STDOUT: {
  "success": true,
  "proxyIP": "220.72.32.44",
  "portRemote": 10005,
  "colo": "AMS",
  "responseTime": 577,
  "message": "第1次验证有效ProxyIP",
  "timestamp": "2025-11-16T17:33:34.615Z"
}
STDERR: 
Return Code: 0


--- 代理: 211.33.204.60:10012 ---
检查结果:
STDOUT: {
  "success": true,
  "proxyIP": "211.33.204.60",
  "portRemote": 10012,
  "colo": "AMS",
  "responseTime": 557,
  "message": "第1次验证有效ProxyIP",
  "timestamp": "2025-11-16T17:33:34.993Z"
}
STDERR: 
Return Code: 0


--- 代理: 210.104.231.120:20176 ---
检查结果:
STDOUT: {
  "success": true,
  "proxyIP": "210.104.231.120",
  "portRemote": 20176,
  "colo": "AMS",
  "responseTime": 579,
  "message": "第1次验证有效ProxyIP",
  "timestamp": "2025-11-16T17:33:35.074Z"
}
STDERR: 
Return Code: 0


--- 代理: 14.37.103.127:10084 ---
检查结果:
STDOUT: {
  "success": true,
  "proxyIP": "14.37.103.127",
  "portRemote": 10084,
  "colo": "AMS",
  "responseTime": 607,
  "message": "第1次验证有效ProxyIP",
  "timestamp": "2025-11-16T17:33:35.076Z"
}
STDERR: 
Return Code: 0


--- 代理: 118.34.210.227:12188 ---
检查结果:
STDOUT: {
  "success": true,
  "proxyIP": "118.34.210.227",
  "portRemote": 12188,
  "colo": "AMS",
  "responseTime": 571,
  "message": "第1次验证有效ProxyIP",
  "timestamp": "2025-11-16T17:33:35.499Z"
}
STDERR: 
Return Code: 0


--- 代理: 121.176.214.32:18886 ---
检查结果:
STDOUT: {
  "success": true,
  "proxyIP": "121.176.214.32",
  "portRemote": 18886,
  "colo": "AMS",
  "responseTime": 545,
  "message": "第1次验证有效ProxyIP",
  "timestamp": "2025-11-16T17:33:36.042Z"
}
STDERR: 
Return Code: 0


--- 代理: 112.167.163.6:50000 ---
检查结果:
STDOUT: {
  "success": true,
  "proxyIP": "112.167.163.6",
  "portRemote": 50000,
  "colo": "AMS",
  "responseTime": 578,
  "message": "第1次验证有效ProxyIP",
  "timestamp": "2025-11-16T17:33:36.039Z"
}
STDERR: 
Return Code: 0


--- 代理: 210.104.231.120:30011 ---
检查结果:
STDOUT: {
  "success": true,
  "proxyIP": "210.104.231.120",
  "portRemote": 30011,
  "colo": "AMS",
  "responseTime": 584,
  "message": "第1次验证有效ProxyIP",
  "timestamp": "2025-11-16T17:33:36.139Z"
}
STDERR: 
Return Code: 0


--- 代理: 125.133.160.129:10443 ---
检查结果:
STDOUT: {
  "success": true,
  "proxyIP": "125.133.160.129",
  "portRemote": 10443,
  "colo": "AMS",
  "responseTime": 559,
  "message": "第1次验证有效ProxyIP",
  "timestamp": "2025-11-16T17:33:36.315Z"
}
STDERR: 
Return Code: 0


--- 代理: 14.48.133.43:10012 ---
检查结果:
STDOUT: {
  "success": true,
  "proxyIP": "14.48.133.43",
  "portRemote": 10012,
  "colo": "AMS",
  "responseTime": 560,
  "message": "第1次验证有效ProxyIP",
  "timestamp": "2025-11-16T17:33:36.492Z"
}
STDERR: 
Return Code: 0


--- 代理: 112.166.42.156:12309 ---
检查结果:
STDOUT: {
  "success": true,
  "proxyIP": "112.166.42.156",
  "portRemote": 12309,
  "colo": "AMS",
  "responseTime": 585,
  "message": "第1次验证有效ProxyIP",
  "timestamp": "2025-11-16T17:33:36.572Z"
}
STDERR: 
Return Code: 0


--- 代理: 175.208.162.19:10242 ---
检查结果:
STDOUT: {
  "success": true,
  "proxyIP": "175.208.162.19",
  "portRemote": 10242,
  "colo": "AMS",
  "responseTime": 560,
  "message": "第1次验证有效ProxyIP",
  "timestamp": "2025-11-16T17:33:36.879Z"
}
STDERR: 
Return Code: 0


--- 代理: 175.215.204.244:12235 ---
检查结果:
STDOUT: {
  "success": true,
  "proxyIP": "175.215.204.244",
  "portRemote": 12235,
  "colo": "AMS",
  "responseTime": 588,
  "message": "第1次验证有效ProxyIP",
  "timestamp": "2025-11-16T17:33:36.951Z"
}
STDERR: 
Return Code: 0


--- 代理: 222.104.240.250:10332 ---
检查结果:
STDOUT: {
  "success": true,
  "proxyIP": "222.104.240.250",
  "portRemote": 10332,
  "colo": "AMS",
  "responseTime": 548,
  "message": "第1次验证有效ProxyIP",
  "timestamp": "2025-11-16T17:33:37.015Z"
}
STDERR: 
Return Code: 0


--- 代理: 118.34.210.227:33332 ---
检查结果:
STDOUT: {
  "success": true,
  "proxyIP": "118.34.210.227",
  "portRemote": 33332,
  "colo": "AMS",
  "responseTime": 539,
  "message": "第1次验证有效ProxyIP",
  "timestamp": "2025-11-16T17:33:37.631Z"
}
STDERR: 
Return Code: 0


--- 代理: 121.136.66.77:10050 ---
检查结果:
STDOUT: {
  "success": true,
  "proxyIP": "121.136.66.77",
  "portRemote": 10050,
  "colo": "AMS",
  "responseTime": 497,
  "message": "第1次验证有效ProxyIP",
  "timestamp": "2025-11-16T17:33:37.769Z"
}
STDERR: 
Return Code: 0


--- 代理: 125.136.152.137:10101 ---
检查结果:
STDOUT: {
  "success": true,
  "proxyIP": "125.136.152.137",
  "portRemote": 10101,
  "colo": "AMS",
  "responseTime": 573,
  "message": "第1次验证有效ProxyIP",
  "timestamp": "2025-11-16T17:33:37.880Z"
}
STDERR: 
Return Code: 0


--- 代理: 59.6.239.208:10227 ---
检查结果:
STDOUT: {
  "success": true,
  "proxyIP": "59.6.239.208",
  "portRemote": 10227,
  "colo": "AMS",
  "responseTime": 570,
  "message": "第1次验证有效ProxyIP",
  "timestamp": "2025-11-16T17:33:37.999Z"
}
STDERR: 
Return Code: 0


--- 代理: 175.214.198.39:10450 ---
检查结果:
STDOUT: {
  "success": true,
  "proxyIP": "175.214.198.39",
  "portRemote": 10450,
  "colo": "AMS",
  "responseTime": 584,
  "message": "第1次验证有效ProxyIP",
  "timestamp": "2025-11-16T17:33:38.180Z"
}
STDERR: 
Return Code: 0


--- 代理: 125.132.30.200:10308 ---
检查结果:
STDOUT: {
  "success": true,
  "proxyIP": "125.132.30.200",
  "portRemote": 10308,
  "colo": "AMS",
  "responseTime": 553,
  "message": "第1次验证有效ProxyIP",
  "timestamp": "2025-11-16T17:33:38.361Z"
}
STDERR: 
Return Code: 0


--- 代理: 121.132.24.246:50001 ---
检查结果:
STDOUT: {
  "success": true,
  "proxyIP": "121.132.24.246",
  "portRemote": 50001,
  "colo": "AMS",
  "responseTime": 552,
  "message": "第1次验证有效ProxyIP",
  "timestamp": "2025-11-16T17:33:38.501Z"
}
STDERR: 
Return Code: 0


--- 代理: 220.118.248.123:37443 ---
检查结果:
STDOUT: {
  "success": true,
  "proxyIP": "220.118.248.123",
  "portRemote": 37443,
  "colo": "AMS",
  "responseTime": 554,
  "message": "第1次验证有效ProxyIP",
  "timestamp": "2025-11-16T17:33:38.926Z"
}
STDERR: 
Return Code: 0


--- 代理: 221.153.216.221:30019 ---
检查结果:
STDOUT: {
  "success": true,
  "proxyIP": "221.153.216.221",
  "portRemote": 30019,
  "colo": "AMS",
  "responseTime": 550,
  "message": "第1次验证有效ProxyIP",
  "timestamp": "2025-11-16T17:33:39.003Z"
}
STDERR: 
Return Code: 0


--- 代理: 211.106.84.19:35331 ---
检查结果:
STDOUT: {
  "success": true,
  "proxyIP": "211.106.84.19",
  "portRemote": 35331,
  "colo": "AMS",
  "responseTime": 584,
  "message": "第1次验证有效ProxyIP",
  "timestamp": "2025-11-16T17:33:39.114Z"
}
STDERR: 
Return Code: 0


--- 代理: 211.33.204.60:28080 ---
检查结果:
STDOUT: {
  "success": true,
  "proxyIP": "211.33.204.60",
  "portRemote": 28080,
  "colo": "AMS",
  "responseTime": 578,
  "message": "第1次验证有效ProxyIP",
  "timestamp": "2025-11-16T17:33:39.620Z"
}
STDERR: 
Return Code: 0


--- 代理: 222.120.238.191:12114 ---
检查结果:
STDOUT: {
  "success": true,
  "proxyIP": "222.120.238.191",
  "portRemote": 12114,
  "colo": "AMS",
  "responseTime": 557,
  "message": "第1次验证有效ProxyIP",
  "timestamp": "2025-11-16T17:33:39.700Z"
}
STDERR: 
Return Code: 0


--- 代理: 220.118.248.123:10408 ---
检查结果:
STDOUT: {
  "success": true,
  "proxyIP": "220.118.248.123",
  "portRemote": 10408,
  "colo": "AMS",
  "responseTime": 590,
  "message": "第1次验证有效ProxyIP",
  "timestamp": "2025-11-16T17:33:40.092Z"
}
STDERR: 
Return Code: 0


--- 代理: 222.97.117.227:20025 ---
检查结果:
STDOUT: {
  "success": true,
  "proxyIP": "222.97.117.227",
  "portRemote": 20025,
  "colo": "AMS",
  "responseTime": 556,
  "message": "第1次验证有效ProxyIP",
  "timestamp": "2025-11-16T17:33:40.203Z"
}
STDERR: 
Return Code: 0


--- 代理: 59.2.75.64:50001 ---
检查结果:
STDOUT: {
  "success": true,
  "proxyIP": "59.2.75.64",
  "portRemote": 50001,
  "colo": "AMS",
  "responseTime": 576,
  "message": "第1次验证有效ProxyIP",
  "timestamp": "2025-11-16T17:33:40.287Z"
}
STDERR: 
Return Code: 0


--- 代理: 222.113.18.206:13128 ---
检查结果:
STDOUT: {
  "success": true,
  "proxyIP": "222.113.18.206",
  "portRemote": 13128,
  "colo": "AMS",
  "responseTime": 579,
  "message": "第1次验证有效ProxyIP",
  "timestamp": "2025-11-16T17:33:40.097Z"
}
STDERR: 
Return Code: 0


--- 代理: 211.251.27.149:16025 ---
检查结果:
STDOUT: {
  "success": true,
  "proxyIP": "211.251.27.149",
  "portRemote": 16025,
  "colo": "AMS",
  "responseTime": 571,
  "message": "第1次验证有效ProxyIP",
  "timestamp": "2025-11-16T17:33:40.437Z"
}
STDERR: 
Return Code: 0


--- 代理: 222.101.92.121:10113 ---
检查结果:
STDOUT: {
  "success": true,
  "proxyIP": "222.101.92.121",
  "portRemote": 10113,
  "colo": "AMS",
  "responseTime": 589,
  "message": "第1次验证有效ProxyIP",
  "timestamp": "2025-11-16T17:33:40.898Z"
}
STDERR: 
Return Code: 0


--- 代理: 121.153.128.196:10060 ---
检查结果:
STDOUT: {
  "success": true,
  "proxyIP": "121.153.128.196",
  "portRemote": 10060,
  "colo": "AMS",
  "responseTime": 571,
  "message": "第1次验证有效ProxyIP",
  "timestamp": "2025-11-16T17:33:40.894Z"
}
STDERR: 
Return Code: 0


--- 代理: 175.192.245.245:10287 ---
检查结果:
STDOUT: {
  "success": true,
  "proxyIP": "175.192.245.245",
  "portRemote": 10287,
  "colo": "AMS",
  "responseTime": 541,
  "message": "第1次验证有效ProxyIP",
  "timestamp": "2025-11-16T17:33:41.021Z"
}
STDERR: 
Return Code: 0


--- 代理: 125.139.111.182:18888 ---
检查结果:
STDOUT: {
  "success": true,
  "proxyIP": "125.139.111.182",
  "portRemote": 18888,
  "colo": "AMS",
  "responseTime": 595,
  "message": "第1次验证有效ProxyIP",
  "timestamp": "2025-11-16T17:33:41.539Z"
}
STDERR: 
Return Code: 0


--- 代理: 175.212.82.132:33391 ---
检查结果:
STDOUT: {
  "success": true,
  "proxyIP": "175.212.82.132",
  "portRemote": 33391,
  "colo": "AMS",
  "responseTime": 594,
  "message": "第1次验证有效ProxyIP",
  "timestamp": "2025-11-16T17:33:41.616Z"
}
STDERR: 
Return Code: 0


--- 代理: 211.192.238.235:10048 ---
检查结果:
STDOUT: {
  "success": true,
  "proxyIP": "211.192.238.235",
  "portRemote": 10048,
  "colo": "AMS",
  "responseTime": 574,
  "message": "第1次验证有效ProxyIP",
  "timestamp": "2025-11-16T17:33:41.980Z"
}
STDERR: 
Return Code: 0


--- 代理: 220.83.86.217:12321 ---
检查结果:
STDOUT: {
  "success": true,
  "proxyIP": "220.83.86.217",
  "portRemote": 12321,
  "colo": "AMS",
  "responseTime": 581,
  "message": "第1次验证有效ProxyIP",
  "timestamp": "2025-11-16T17:33:42.076Z"
}
STDERR: 
Return Code: 0


--- 代理: 220.72.32.44:11009 ---
检查结果:
STDOUT: {
  "success": true,
  "proxyIP": "220.72.32.44",
  "portRemote": 11009,
  "colo": "AMS",
  "responseTime": 551,
  "message": "第1次验证有效ProxyIP",
  "timestamp": "2025-11-16T17:33:42.173Z"
}
STDERR: 
Return Code: 0


--- 代理: 222.117.169.58:12134 ---
检查结果:
STDOUT: {
  "success": true,
  "proxyIP": "222.117.169.58",
  "portRemote": 12134,
  "colo": "AMS",
  "responseTime": 547,
  "message": "第1次验证有效ProxyIP",
  "timestamp": "2025-11-16T17:33:42.251Z"
}
STDERR: 
Return Code: 0


--- 代理: 121.130.24.109:50001 ---
检查结果:
STDOUT: {
  "success": true,
  "proxyIP": "121.130.24.109",
  "portRemote": 50001,
  "colo": "AMS",
  "responseTime": 532,
  "message": "第1次验证有效ProxyIP",
  "timestamp": "2025-11-16T17:33:42.403Z"
}
STDERR: 
Return Code: 0


--- 代理: 210.104.231.120:10312 ---
检查结果:
STDOUT: {
  "success": true,
  "proxyIP": "210.104.231.120",
  "portRemote": 10312,
  "colo": "AMS",
  "responseTime": 570,
  "message": "第1次验证有效ProxyIP",
  "timestamp": "2025-11-16T17:33:42.740Z"
}
STDERR: 
Return Code: 0


--- 代理: 14.53.186.206:18080 ---
检查结果:
STDOUT: {
  "success": true,
  "proxyIP": "14.53.186.206",
  "portRemote": 18080,
  "colo": "AMS",
  "responseTime": 562,
  "message": "第1次验证有效ProxyIP",
  "timestamp": "2025-11-16T17:33:42.771Z"
}
STDERR: 
Return Code: 0


--- 代理: 118.42.251.196:10267 ---
检查结果:
STDOUT: {
  "success": true,
  "proxyIP": "118.42.251.196",
  "portRemote": 10267,
  "colo": "AMS",
  "responseTime": 606,
  "message": "第1次验证有效ProxyIP",
  "timestamp": "2025-11-16T17:33:42.992Z"
}
STDERR: 
Return Code: 0


--- 代理: 121.141.9.182:10010 ---
检查结果:
STDOUT: {
  "success": true,
  "proxyIP": "121.141.9.182",
  "portRemote": 10010,
  "colo": "AMS",
  "responseTime": 522,
  "message": "第1次验证有效ProxyIP",
  "timestamp": "2025-11-16T17:33:43.449Z"
}
STDERR: 
Return Code: 0


--- 代理: 220.118.97.223:12303 ---
检查结果:
STDOUT: {
  "success": true,
  "proxyIP": "220.118.97.223",
  "portRemote": 12303,
  "colo": "AMS",
  "responseTime": 548,
  "message": "第1次验证有效ProxyIP",
  "timestamp": "2025-11-16T17:33:43.620Z"
}
STDERR: 
Return Code: 0


--- 代理: 14.41.71.103:30010 ---
检查结果:
STDOUT: {
  "success": true,
  "proxyIP": "14.41.71.103",
  "portRemote": 30010,
  "colo": "AMS",
  "responseTime": 603,
  "message": "第1次验证有效ProxyIP",
  "timestamp": "2025-11-16T17:33:44.018Z"
}
STDERR: 
Return Code: 0


--- 代理: 211.195.83.140:12194 ---
检查结果:
STDOUT: {
  "success": true,
  "proxyIP": "211.195.83.140",
  "portRemote": 12194,
  "colo": "AMS",
  "responseTime": 564,
  "message": "第1次验证有效ProxyIP",
  "timestamp": "2025-11-16T17:33:44.063Z"
}
STDERR: 
Return Code: 0


--- 代理: 119.204.205.68:10409 ---
检查结果:
STDOUT: {
  "success": true,
  "proxyIP": "119.204.205.68",
  "portRemote": 10409,
  "colo": "AMS",
  "responseTime": 535,
  "message": "第1次验证有效ProxyIP",
  "timestamp": "2025-11-16T17:33:44.076Z"
}
STDERR: 
Return Code: 0


--- 代理: 121.183.151.131:12224 ---
检查结果:
STDOUT: {
  "success": true,
  "proxyIP": "121.183.151.131",
  "portRemote": 12224,
  "colo": "AMS",
  "responseTime": 594,
  "message": "第1次验证有效ProxyIP",
  "timestamp": "2025-11-16T17:33:44.186Z"
}
STDERR: 
Return Code: 0


--- 代理: 220.85.201.216:10554 ---
检查结果:
STDOUT: {
  "success": true,
  "proxyIP": "220.85.201.216",
  "portRemote": 10554,
  "colo": "AMS",
  "responseTime": 587,
  "message": "第1次验证有效ProxyIP",
  "timestamp": "2025-11-16T17:33:44.451Z"
}
STDERR: 
Return Code: 0


--- 代理: 59.22.160.62:10203 ---
检查结果:
STDOUT: {
  "success": true,
  "proxyIP": "59.22.160.62",
  "portRemote": 10203,
  "colo": "AMS",
  "responseTime": 592,
  "message": "第1次验证有效ProxyIP",
  "timestamp": "2025-11-16T17:33:44.676Z"
}
STDERR: 
Return Code: 0


--- 代理: 121.161.114.201:10125 ---
检查结果:
STDOUT: {
  "success": true,
  "proxyIP": "121.161.114.201",
  "portRemote": 10125,
  "colo": "AMS",
  "responseTime": 581,
  "message": "第1次验证有效ProxyIP",
  "timestamp": "2025-11-16T17:33:44.860Z"
}
STDERR: 
Return Code: 0


--- 代理: 118.41.206.30:15200 ---
检查结果:
STDOUT: {
  "success": true,
  "proxyIP": "118.41.206.30",
  "portRemote": 15200,
  "colo": "AMS",
  "responseTime": 591,
  "message": "第1次验证有效ProxyIP",
  "timestamp": "2025-11-16T17:33:44.984Z"
}
STDERR: 
Return Code: 0


--- 代理: 121.180.248.39:18091 ---
检查结果:
STDOUT: {
  "success": true,
  "proxyIP": "121.180.248.39",
  "portRemote": 18091,
  "colo": "AMS",
  "responseTime": 591,
  "message": "第1次验证有效ProxyIP",
  "timestamp": "2025-11-16T17:33:45.381Z"
}
STDERR: 
Return Code: 0


--- 代理: 220.118.83.101:60004 ---
检查结果:
STDOUT: {
  "success": true,
  "proxyIP": "220.118.83.101",
  "portRemote": 60004,
  "colo": "AMS",
  "responseTime": 537,
  "message": "第1次验证有效ProxyIP",
  "timestamp": "2025-11-16T17:33:45.522Z"
}
STDERR: 
Return Code: 0


--- 代理: 118.40.221.244:12188 ---
检查结果:
STDOUT: {
  "success": true,
  "proxyIP": "118.40.221.244",
  "portRemote": 12188,
  "colo": "AMS",
  "responseTime": 579,
  "message": "第1次验证有效ProxyIP",
  "timestamp": "2025-11-16T17:33:45.966Z"
}
STDERR: 
Return Code: 0


--- 代理: 222.116.29.213:10002 ---
检查结果:
STDOUT: {
  "success": true,
  "proxyIP": "222.116.29.213",
  "portRemote": 10002,
  "colo": "AMS",
  "responseTime": 640,
  "message": "第1次验证有效ProxyIP",
  "timestamp": "2025-11-16T17:33:46.086Z"
}
STDERR: 
Return Code: 0


--- 代理: 221.145.191.236:14400 ---
检查结果:
STDOUT: {
  "success": true,
  "proxyIP": "221.145.191.236",
  "portRemote": 14400,
  "colo": "AMS",
  "responseTime": 549,
  "message": "第1次验证有效ProxyIP",
  "timestamp": "2025-11-16T17:33:46.153Z"
}
STDERR: 
Return Code: 0


--- 代理: 112.163.215.224:10369 ---
检查结果:
STDOUT: {
  "success": true,
  "proxyIP": "112.163.215.224",
  "portRemote": 10369,
  "colo": "AMS",
  "responseTime": 550,
  "message": "第1次验证有效ProxyIP",
  "timestamp": "2025-11-16T17:33:46.396Z"
}
STDERR: 
Return Code: 0


--- 代理: 14.56.64.57:12203 ---
检查结果:
STDOUT: {
  "success": true,
  "proxyIP": "14.56.64.57",
  "portRemote": 12203,
  "colo": "AMS",
  "responseTime": 549,
  "message": "第1次验证有效ProxyIP",
  "timestamp": "2025-11-16T17:33:46.634Z"
}
STDERR: 
Return Code: 0


--- 代理: 221.157.0.159:20121 ---
检查结果:
STDOUT: {
  "success": true,
  "proxyIP": "221.157.0.159",
  "portRemote": 20121,
  "colo": "AMS",
  "responseTime": 574,
  "message": "第1次验证有效ProxyIP",
  "timestamp": "2025-11-16T17:33:46.830Z"
}
STDERR: 
Return Code: 0


--- 代理: 210.178.82.69:30021 ---
检查结果:
STDOUT: {
  "success": true,
  "proxyIP": "210.178.82.69",
  "portRemote": 30021,
  "colo": "AMS",
  "responseTime": 546,
  "message": "第1次验证有效ProxyIP",
  "timestamp": "2025-11-16T17:33:47.012Z"
}
STDERR: 
Return Code: 0


--- 代理: 119.196.21.70:18444 ---
检查结果:
STDOUT: {
  "success": true,
  "proxyIP": "119.196.21.70",
  "portRemote": 18444,
  "colo": "AMS",
  "responseTime": 560,
  "message": "第1次验证有效ProxyIP",
  "timestamp": "2025-11-16T17:33:47.280Z"
}
STDERR: 
Return Code: 0


--- 代理: 118.43.198.217:10299 ---
检查结果:
STDOUT: {
  "success": true,
  "proxyIP": "118.43.198.217",
  "portRemote": 10299,
  "colo": "AMS",
  "responseTime": 573,
  "message": "第1次验证有效ProxyIP",
  "timestamp": "2025-11-16T17:33:47.429Z"
}
STDERR: 
Return Code: 0


--- 代理: 183.109.80.50:12000 ---
检查结果:
STDOUT: {
  "success": true,
  "proxyIP": "183.109.80.50",
  "portRemote": 12000,
  "colo": "AMS",
  "responseTime": 560,
  "message": "第1次验证有效ProxyIP",
  "timestamp": "2025-11-16T17:33:48.025Z"
}
STDERR: 
Return Code: 0


--- 代理: 112.165.11.40:50000 ---
检查结果:
STDOUT: {
  "success": true,
  "proxyIP": "112.165.11.40",
  "portRemote": 50000,
  "colo": "AMS",
  "responseTime": 564,
  "message": "第1次验证有效ProxyIP",
  "timestamp": "2025-11-16T17:33:47.904Z"
}
STDERR: 
Return Code: 0


--- 代理: 220.71.102.124:16626 ---
检查结果:
STDOUT: {
  "success": true,
  "proxyIP": "220.71.102.124",
  "portRemote": 16626,
  "colo": "AMS",
  "responseTime": 539,
  "message": "第1次验证有效ProxyIP",
  "timestamp": "2025-11-16T17:33:48.265Z"
}
STDERR: 
Return Code: 0


--- 代理: 118.35.119.142:18889 ---
检查结果:
STDOUT: {
  "success": true,
  "proxyIP": "118.35.119.142",
  "portRemote": 18889,
  "colo": "AMS",
  "responseTime": 559,
  "message": "第1次验证有效ProxyIP",
  "timestamp": "2025-11-16T17:33:48.491Z"
}
STDERR: 
Return Code: 0


--- 代理: 61.80.195.236:12363 ---
检查结果:
STDOUT: {
  "success": true,
  "proxyIP": "61.80.195.236",
  "portRemote": 12363,
  "colo": "AMS",
  "responseTime": 550,
  "message": "第1次验证有效ProxyIP",
  "timestamp": "2025-11-16T17:33:47.946Z"
}
STDERR: 
Return Code: 0


--- 代理: 59.29.178.236:10440 ---
检查结果:
STDOUT: {
  "success": true,
  "proxyIP": "59.29.178.236",
  "portRemote": 10440,
  "colo": "AMS",
  "responseTime": 588,
  "message": "第1次验证有效ProxyIP",
  "timestamp": "2025-11-16T17:33:48.758Z"
}
STDERR: 
Return Code: 0


--- 代理: 59.6.239.208:32788 ---
检查结果:
STDOUT: {
  "success": true,
  "proxyIP": "59.6.239.208",
  "portRemote": 32788,
  "colo": "AMS",
  "responseTime": 540,
  "message": "第1次验证有效ProxyIP",
  "timestamp": "2025-11-16T17:33:48.921Z"
}
STDERR: 
Return Code: 0


--- 代理: 61.72.176.145:18016 ---
检查结果:
STDOUT: {
  "success": true,
  "proxyIP": "61.72.176.145",
  "portRemote": 18016,
  "colo": "AMS",
  "responseTime": 557,
  "message": "第1次验证有效ProxyIP",
  "timestamp": "2025-11-16T17:33:49.141Z"
}
STDERR: 
Return Code: 0


--- 代理: 218.158.211.157:18091 ---
检查结果:
STDOUT: {
  "success": true,
  "proxyIP": "218.158.211.157",
  "portRemote": 18091,
  "colo": "AMS",
  "responseTime": 592,
  "message": "第1次验证有效ProxyIP",
  "timestamp": "2025-11-16T17:33:49.794Z"
}
STDERR: 
Return Code: 0


--- 代理: 222.110.16.126:10405 ---
检查结果:
STDOUT: {
  "success": true,
  "proxyIP": "222.110.16.126",
  "portRemote": 10405,
  "colo": "AMS",
  "responseTime": 531,
  "message": "第1次验证有效ProxyIP",
  "timestamp": "2025-11-16T17:33:49.918Z"
}
STDERR: 
Return Code: 0


--- 代理: 59.22.160.62:10454 ---
检查结果:
STDOUT: {
  "success": true,
  "proxyIP": "59.22.160.62",
  "portRemote": 10454,
  "colo": "AMS",
  "responseTime": 559,
  "message": "第1次验证有效ProxyIP",
  "timestamp": "2025-11-16T17:33:50.406Z"
}
STDERR: 
Return Code: 0


--- 代理: 14.44.12.122:10021 ---
检查结果:
STDOUT: {
  "success": true,
  "proxyIP": "14.44.12.122",
  "portRemote": 10021,
  "colo": "AMS",
  "responseTime": 583,
  "message": "第1次验证有效ProxyIP",
  "timestamp": "2025-11-16T17:33:50.426Z"
}
STDERR: 
Return Code: 0


--- 代理: 59.6.239.208:16045 ---
检查结果:
STDOUT: {
  "success": true,
  "proxyIP": "59.6.239.208",
  "portRemote": 16045,
  "colo": "AMS",
  "responseTime": 606,
  "message": "第1次验证有效ProxyIP",
  "timestamp": "2025-11-16T17:33:50.699Z"
}
STDERR: 
Return Code: 0


--- 代理: 210.104.231.120:11082 ---
检查结果:
STDOUT: {
  "success": true,
  "proxyIP": "210.104.231.120",
  "portRemote": 11082,
  "colo": "AMS",
  "responseTime": 587,
  "message": "第1次验证有效ProxyIP",
  "timestamp": "2025-11-16T17:33:50.746Z"
}
STDERR: 
Return Code: 0


--- 代理: 210.104.231.120:18081 ---
检查结果:
STDOUT: {
  "success": true,
  "proxyIP": "210.104.231.120",
  "portRemote": 18081,
  "colo": "AMS",
  "responseTime": 572,
  "message": "第1次验证有效ProxyIP",
  "timestamp": "2025-11-16T17:33:50.067Z"
}
STDERR: 
Return Code: 0


--- 代理: 183.104.97.23:30000 ---
检查结果:
STDOUT: {
  "success": true,
  "proxyIP": "183.104.97.23",
  "portRemote": 30000,
  "colo": "AMS",
  "responseTime": 565,
  "message": "第1次验证有效ProxyIP",
  "timestamp": "2025-11-16T17:33:51.082Z"
}
STDERR: 
Return Code: 0


--- 代理: 220.84.199.128:10025 ---
检查结果:
STDOUT: {
  "success": true,
  "proxyIP": "220.84.199.128",
  "portRemote": 10025,
  "colo": "AMS",
  "responseTime": 596,
  "message": "第1次验证有效ProxyIP",
  "timestamp": "2025-11-16T17:33:50.858Z"
}
STDERR: 
Return Code: 0


--- 代理: 183.97.196.49:50000 ---
检查结果:
STDOUT: {
  "success": true,
  "proxyIP": "183.97.196.49",
  "portRemote": 50000,
  "colo": "AMS",
  "responseTime": 535,
  "message": "第1次验证有效ProxyIP",
  "timestamp": "2025-11-16T17:33:51.688Z"
}
STDERR: 
Return Code: 0


--- 代理: 14.48.133.43:12152 ---
检查结果:
STDOUT: {
  "success": true,
  "proxyIP": "14.48.133.43",
  "portRemote": 12152,
  "colo": "AMS",
  "responseTime": 590,
  "message": "第1次验证有效ProxyIP",
  "timestamp": "2025-11-16T17:33:51.918Z"
}
STDERR: 
Return Code: 0


--- 代理: 59.7.242.234:10000 ---
检查结果:
STDOUT: {
  "success": true,
  "proxyIP": "59.7.242.234",
  "portRemote": 10000,
  "colo": "AMS",
  "responseTime": 550,
  "message": "第1次验证有效ProxyIP",
  "timestamp": "2025-11-16T17:33:52.316Z"
}
STDERR: 
Return Code: 0


--- 代理: 222.97.1.10:50000 ---
检查结果:
STDOUT: {
  "success": true,
  "proxyIP": "222.97.1.10",
  "portRemote": 50000,
  "colo": "AMS",
  "responseTime": 560,
  "message": "第1次验证有效ProxyIP",
  "timestamp": "2025-11-16T17:33:52.317Z"
}
STDERR: 
Return Code: 0


--- 代理: 222.117.169.58:20332 ---
检查结果:
STDOUT: {
  "success": true,
  "proxyIP": "222.117.169.58",
  "portRemote": 20332,
  "colo": "AMS",
  "responseTime": 601,
  "message": "第1次验证有效ProxyIP",
  "timestamp": "2025-11-16T17:33:52.492Z"
}
STDERR: 
Return Code: 0


--- 代理: 183.101.243.99:12576 ---
检查结果:
STDOUT: {
  "success": true,
  "proxyIP": "183.101.243.99",
  "portRemote": 12576,
  "colo": "AMS",
  "responseTime": 577,
  "message": "第1次验证有效ProxyIP",
  "timestamp": "2025-11-16T17:33:52.718Z"
}
STDERR: 
Return Code: 0


--- 代理: 121.140.52.16:10010 ---
检查结果:
STDOUT: {
  "success": true,
  "proxyIP": "121.140.52.16",
  "portRemote": 10010,
  "colo": "AMS",
  "responseTime": 520,
  "message": "第1次验证有效ProxyIP",
  "timestamp": "2025-11-16T17:33:52.560Z"
}
STDERR: 
Return Code: 0


--- 代理: 211.251.27.149:10366 ---
检查结果:
STDOUT: {
  "success": true,
  "proxyIP": "211.251.27.149",
  "portRemote": 10366,
  "colo": "AMS",
  "responseTime": 561,
  "message": "第1次验证有效ProxyIP",
  "timestamp": "2025-11-16T17:33:53.176Z"
}
STDERR: 
Return Code: 0


--- 代理: 211.253.199.243:30005 ---
检查结果:
STDOUT: {
  "success": true,
  "proxyIP": "211.253.199.243",
  "portRemote": 30005,
  "colo": "AMS",
  "responseTime": 571,
  "message": "第1次验证有效ProxyIP",
  "timestamp": "2025-11-16T17:33:53.183Z"
}
STDERR: 
Return Code: 0


--- 代理: 211.224.92.187:11065 ---
检查结果:
STDOUT: {
  "success": true,
  "proxyIP": "211.224.92.187",
  "portRemote": 11065,
  "colo": "AMS",
  "responseTime": 565,
  "message": "第1次验证有效ProxyIP",
  "timestamp": "2025-11-16T17:33:53.603Z"
}
STDERR: 
Return Code: 0


--- 代理: 59.3.83.3:50001 ---
检查结果:
STDOUT: {
  "success": true,
  "proxyIP": "59.3.83.3",
  "portRemote": 50001,
  "colo": "AMS",
  "responseTime": 545,
  "message": "第1次验证有效ProxyIP",
  "timestamp": "2025-11-16T17:33:53.790Z"
}
STDERR: 
Return Code: 0


--- 代理: 211.197.58.203:10628 ---
检查结果:
STDOUT: {
  "success": true,
  "proxyIP": "211.197.58.203",
  "portRemote": 10628,
  "colo": "AMS",
  "responseTime": 636,
  "message": "第1次验证有效ProxyIP",
  "timestamp": "2025-11-16T17:33:54.177Z"
}
STDERR: 
Return Code: 0


--- 代理: 222.104.213.148:12338 ---
检查结果:
STDOUT: {
  "success": true,
  "proxyIP": "222.104.213.148",
  "portRemote": 12338,
  "colo": "AMS",
  "responseTime": 568,
  "message": "第1次验证有效ProxyIP",
  "timestamp": "2025-11-16T17:33:54.275Z"
}
STDERR: 
Return Code: 0


--- 代理: 211.192.238.235:14001 ---
检查结果:
STDOUT: {
  "success": true,
  "proxyIP": "211.192.238.235",
  "portRemote": 14001,
  "colo": "AMS",
  "responseTime": 569,
  "message": "第1次验证有效ProxyIP",
  "timestamp": "2025-11-16T17:33:54.295Z"
}
STDERR: 
Return Code: 0


--- 代理: 119.202.171.130:20205 ---
检查结果:
STDOUT: {
  "success": true,
  "proxyIP": "119.202.171.130",
  "portRemote": 20205,
  "colo": "AMS",
  "responseTime": 568,
  "message": "第1次验证有效ProxyIP",
  "timestamp": "2025-11-16T17:33:54.415Z"
}
STDERR: 
Return Code: 0


--- 代理: 119.195.36.69:50000 ---
检查结果:
STDOUT: {
  "success": true,
  "proxyIP": "119.195.36.69",
  "portRemote": 50000,
  "colo": "AMS",
  "responseTime": 562,
  "message": "第1次验证有效ProxyIP",
  "timestamp": "2025-11-16T17:33:54.905Z"
}
STDERR: 
Return Code: 0


--- 代理: 211.252.213.119:12207 ---
检查结果:
STDOUT: {
  "success": true,
  "proxyIP": "211.252.213.119",
  "portRemote": 12207,
  "colo": "AMS",
  "responseTime": 549,
  "message": "第1次验证有效ProxyIP",
  "timestamp": "2025-11-16T17:33:55.042Z"
}
STDERR: 
Return Code: 0


--- 代理: 175.195.223.247:50001 ---
检查结果:
STDOUT: {
  "success": true,
  "proxyIP": "175.195.223.247",
  "portRemote": 50001,
  "colo": "AMS",
  "responseTime": 606,
  "message": "第1次验证有效ProxyIP",
  "timestamp": "2025-11-16T17:33:55.101Z"
}
STDERR: 
Return Code: 0


--- 代理: 211.228.85.103:10270 ---
检查结果:
STDOUT: {
  "success": true,
  "proxyIP": "211.228.85.103",
  "portRemote": 10270,
  "colo": "AMS",
  "responseTime": 585,
  "message": "第1次验证有效ProxyIP",
  "timestamp": "2025-11-16T17:33:55.579Z"
}
STDERR: 
Return Code: 0


--- 代理: 222.111.76.239:10454 ---
检查结果:
STDOUT: {
  "success": true,
  "proxyIP": "222.111.76.239",
  "portRemote": 10454,
  "colo": "AMS",
  "responseTime": 559,
  "message": "第1次验证有效ProxyIP",
  "timestamp": "2025-11-16T17:33:55.675Z"
}
STDERR: 
Return Code: 0


--- 代理: 220.125.246.45:12204 ---
检查结果:
STDOUT: {
  "success": true,
  "proxyIP": "220.125.246.45",
  "portRemote": 12204,
  "colo": "AMS",
  "responseTime": 557,
  "message": "第1次验证有效ProxyIP",
  "timestamp": "2025-11-16T17:33:56.017Z"
}
STDERR: 
Return Code: 0


--- 代理: 61.79.199.11:50001 ---
检查结果:
STDOUT: {
  "success": true,
  "proxyIP": "61.79.199.11",
  "portRemote": 50001,
  "colo": "AMS",
  "responseTime": 537,
  "message": "第1次验证有效ProxyIP",
  "timestamp": "2025-11-16T17:33:56.021Z"
}
STDERR: 
Return Code: 0


--- 代理: 222.113.18.214:10220 ---
检查结果:
STDOUT: {
  "success": true,
  "proxyIP": "222.113.18.214",
  "portRemote": 10220,
  "colo": "AMS",
  "responseTime": 578,
  "message": "第1次验证有效ProxyIP",
  "timestamp": "2025-11-16T17:33:56.182Z"
}
STDERR: 
Return Code: 0


--- 代理: 14.39.162.173:12112 ---
检查结果:
STDOUT: {
  "success": true,
  "proxyIP": "14.39.162.173",
  "portRemote": 12112,
  "colo": "AMS",
  "responseTime": 558,
  "message": "第1次验证有效ProxyIP",
  "timestamp": "2025-11-16T17:33:56.262Z"
}
STDERR: 
Return Code: 0


--- 代理: 183.97.188.34:10800 ---
检查结果:
STDOUT: {
  "success": true,
  "proxyIP": "183.97.188.34",
  "portRemote": 10800,
  "colo": "AMS",
  "responseTime": 540,
  "message": "第1次验证有效ProxyIP",
  "timestamp": "2025-11-16T17:33:56.507Z"
}
STDERR: 
Return Code: 0


--- 代理: 128.134.19.9:10138 ---
检查结果:
STDOUT: {
  "success": true,
  "proxyIP": "128.134.19.9",
  "portRemote": 10138,
  "colo": "AMS",
  "responseTime": 547,
  "message": "第1次验证有效ProxyIP",
  "timestamp": "2025-11-16T17:33:56.824Z"
}
STDERR: 
Return Code: 0


--- 代理: 118.43.11.24:30019 ---
检查结果:
STDOUT: {
  "success": true,
  "proxyIP": "118.43.11.24",
  "portRemote": 30019,
  "colo": "AMS",
  "responseTime": 549,
  "message": "第1次验证有效ProxyIP",
  "timestamp": "2025-11-16T17:33:56.952Z"
}
STDERR: 
Return Code: 0


--- 代理: 220.78.129.86:12192 ---
检查结果:
STDOUT: {
  "success": true,
  "proxyIP": "220.78.129.86",
  "portRemote": 12192,
  "colo": "AMS",
  "responseTime": 539,
  "message": "第1次验证有效ProxyIP",
  "timestamp": "2025-11-16T17:33:56.970Z"
}
STDERR: 
Return Code: 0


--- 代理: 211.251.27.149:10324 ---
检查结果:
STDOUT: {
  "success": true,
  "proxyIP": "211.251.27.149",
  "portRemote": 10324,
  "colo": "AMS",
  "responseTime": 592,
  "message": "第1次验证有效ProxyIP",
  "timestamp": "2025-11-16T17:33:57.576Z"
}
STDERR: 
Return Code: 0


--- 代理: 118.45.138.207:12403 ---
检查结果:
STDOUT: {
  "success": true,
  "proxyIP": "118.45.138.207",
  "portRemote": 12403,
  "colo": "AMS",
  "responseTime": 584,
  "message": "第1次验证有效ProxyIP",
  "timestamp": "2025-11-16T17:33:57.626Z"
}
STDERR: 
Return Code: 0


--- 代理: 218.156.233.76:50000 ---
检查结果:
STDOUT: {
  "success": true,
  "proxyIP": "218.156.233.76",
  "portRemote": 50000,
  "colo": "AMS",
  "responseTime": 586,
  "message": "第1次验证有效ProxyIP",
  "timestamp": "2025-11-16T17:33:57.950Z"
}
STDERR: 
Return Code: 0


--- 代理: 222.120.238.191:12137 ---
检查结果:
STDOUT: {
  "success": true,
  "proxyIP": "222.120.238.191",
  "portRemote": 12137,
  "colo": "AMS",
  "responseTime": 538,
  "message": "第1次验证有效ProxyIP",
  "timestamp": "2025-11-16T17:33:57.943Z"
}
STDERR: 
Return Code: 0


--- 代理: 121.183.151.131:10298 ---
检查结果:
STDOUT: {
  "success": true,
  "proxyIP": "121.183.151.131",
  "portRemote": 10298,
  "colo": "AMS",
  "responseTime": 556,
  "message": "第1次验证有效ProxyIP",
  "timestamp": "2025-11-16T17:33:58.048Z"
}
STDERR: 
Return Code: 0


--- 代理: 211.106.84.19:12345 ---
检查结果:
STDOUT: {
  "success": true,
  "proxyIP": "211.106.84.19",
  "portRemote": 12345,
  "colo": "AMS",
  "responseTime": 574,
  "message": "第1次验证有效ProxyIP",
  "timestamp": "2025-11-16T17:33:58.131Z"
}
STDERR: 
Return Code: 0


--- 代理: 221.153.129.12:12323 ---
检查结果:
STDOUT: {
  "success": true,
  "proxyIP": "221.153.129.12",
  "portRemote": 12323,
  "colo": "AMS",
  "responseTime": 578,
  "message": "第1次验证有效ProxyIP",
  "timestamp": "2025-11-16T17:33:58.428Z"
}
STDERR: 
Return Code: 0


--- 代理: 121.143.72.138:15018 ---
检查结果:
STDOUT: {
  "success": true,
  "proxyIP": "121.143.72.138",
  "portRemote": 15018,
  "colo": "AMS",
  "responseTime": 496,
  "message": "第1次验证有效ProxyIP",
  "timestamp": "2025-11-16T17:33:58.599Z"
}
STDERR: 
Return Code: 0


--- 代理: 222.113.18.214:10438 ---
检查结果:
STDOUT: {
  "success": true,
  "proxyIP": "222.113.18.214",
  "portRemote": 10438,
  "colo": "AMS",
  "responseTime": 574,
  "message": "第1次验证有效ProxyIP",
  "timestamp": "2025-11-16T17:33:58.872Z"
}
STDERR: 
Return Code: 0


--- 代理: 121.174.34.251:12445 ---
检查结果:
STDOUT: {
  "success": true,
  "proxyIP": "121.174.34.251",
  "portRemote": 12445,
  "colo": "AMS",
  "responseTime": 548,
  "message": "第1次验证有效ProxyIP",
  "timestamp": "2025-11-16T17:33:59.089Z"
}
STDERR: 
Return Code: 0


--- 代理: 211.198.173.100:10082 ---
检查结果:
STDOUT: {
  "success": true,
  "proxyIP": "211.198.173.100",
  "portRemote": 10082,
  "colo": "AMS",
  "responseTime": 573,
  "message": "第1次验证有效ProxyIP",
  "timestamp": "2025-11-16T17:33:59.514Z"
}
STDERR: 
Return Code: 0


--- 代理: 14.48.133.43:16018 ---
检查结果:
STDOUT: {
  "success": true,
  "proxyIP": "14.48.133.43",
  "portRemote": 16018,
  "colo": "AMS",
  "responseTime": 554,
  "message": "第1次验证有效ProxyIP",
  "timestamp": "2025-11-16T17:33:59.900Z"
}
STDERR: 
Return Code: 0


--- 代理: 119.196.34.173:50001 ---
检查结果:
STDOUT: {
  "success": true,
  "proxyIP": "119.196.34.173",
  "portRemote": 50001,
  "colo": "AMS",
  "responseTime": 571,
  "message": "第1次验证有效ProxyIP",
  "timestamp": "2025-11-16T17:33:59.903Z"
}
STDERR: 
Return Code: 0


--- 代理: 112.163.215.224:13323 ---
检查结果:
STDOUT: {
  "success": true,
  "proxyIP": "112.163.215.224",
  "portRemote": 13323,
  "colo": "AMS",
  "responseTime": 610,
  "message": "第1次验证有效ProxyIP",
  "timestamp": "2025-11-16T17:33:59.976Z"
}
STDERR: 
Return Code: 0


--- 代理: 125.139.184.199:29999 ---
检查结果:
STDOUT: {
  "success": true,
  "proxyIP": "125.139.184.199",
  "portRemote": 29999,
  "colo": "AMS",
  "responseTime": 554,
  "message": "第1次验证有效ProxyIP",
  "timestamp": "2025-11-16T17:34:00.044Z"
}
STDERR: 
Return Code: 0


--- 代理: 222.113.18.211:14443 ---
检查结果:
STDOUT: {
  "success": true,
  "proxyIP": "222.113.18.211",
  "portRemote": 14443,
  "colo": "AMS",
  "responseTime": 576,
  "message": "第1次验证有效ProxyIP",
  "timestamp": "2025-11-16T17:34:00.471Z"
}
STDERR: 
Return Code: 0


--- 代理: 14.37.103.127:37443 ---
检查结果:
STDOUT: {
  "success": true,
  "proxyIP": "14.37.103.127",
  "portRemote": 37443,
  "colo": "AMS",
  "responseTime": 556,
  "message": "第1次验证有效ProxyIP",
  "timestamp": "2025-11-16T17:34:00.855Z"
}
STDERR: 
Return Code: 0


--- 代理: 59.21.10.151:22222 ---
检查结果:
STDOUT: {
  "success": true,
  "proxyIP": "59.21.10.151",
  "portRemote": 22222,
  "colo": "AMS",
  "responseTime": 539,
  "message": "第1次验证有效ProxyIP",
  "timestamp": "2025-11-16T17:34:00.957Z"
}
STDERR: 
Return Code: 0


--- 代理: 121.160.141.47:10426 ---
检查结果:
STDOUT: {
  "success": true,
  "proxyIP": "121.160.141.47",
  "portRemote": 10426,
  "colo": "AMS",
  "responseTime": 565,
  "message": "第1次验证有效ProxyIP",
  "timestamp": "2025-11-16T17:34:01.020Z"
}
STDERR: 
Return Code: 0


--- 代理: 221.160.73.30:12153 ---
检查结果:
STDOUT: {
  "success": true,
  "proxyIP": "221.160.73.30",
  "portRemote": 12153,
  "colo": "AMS",
  "responseTime": 541,
  "message": "第1次验证有效ProxyIP",
  "timestamp": "2025-11-16T17:34:01.422Z"
}
STDERR: 
Return Code: 0


--- 代理: 121.151.83.94:10419 ---
检查结果:
STDOUT: {
  "success": true,
  "proxyIP": "121.151.83.94",
  "portRemote": 10419,
  "colo": "AMS",
  "responseTime": 562,
  "message": "第1次验证有效ProxyIP",
  "timestamp": "2025-11-16T17:34:01.820Z"
}
STDERR: 
Return Code: 0


--- 代理: 211.184.99.67:10389 ---
检查结果:
STDOUT: {
  "success": true,
  "proxyIP": "211.184.99.67",
  "portRemote": 10389,
  "colo": "AMS",
  "responseTime": 575,
  "message": "第1次验证有效ProxyIP",
  "timestamp": "2025-11-16T17:34:01.841Z"
}
STDERR: 
Return Code: 0


--- 代理: 222.113.18.214:10398 ---
检查结果:
STDOUT: {
  "success": true,
  "proxyIP": "222.113.18.214",
  "portRemote": 10398,
  "colo": "AMS",
  "responseTime": 590,
  "message": "第1次验证有效ProxyIP",
  "timestamp": "2025-11-16T17:34:01.902Z"
}
STDERR: 
Return Code: 0


--- 代理: 121.150.226.178:50001 ---
检查结果:
STDOUT: {
  "success": true,
  "proxyIP": "121.150.226.178",
  "portRemote": 50001,
  "colo": "AMS",
  "responseTime": 554,
  "message": "第1次验证有效ProxyIP",
  "timestamp": "2025-11-16T17:34:02.328Z"
}
STDERR: 
Return Code: 0


--- 代理: 211.195.83.140:11018 ---
检查结果:
STDOUT: {
  "success": true,
  "proxyIP": "211.195.83.140",
  "portRemote": 11018,
  "colo": "AMS",
  "responseTime": 556,
  "message": "第1次验证有效ProxyIP",
  "timestamp": "2025-11-16T17:34:02.635Z"
}
STDERR: 
Return Code: 0


--- 代理: 121.156.162.54:10700 ---
检查结果:
STDOUT: {
  "success": true,
  "proxyIP": "121.156.162.54",
  "portRemote": 10700,
  "colo": "AMS",
  "responseTime": 579,
  "message": "第1次验证有效ProxyIP",
  "timestamp": "2025-11-16T17:34:02.775Z"
}
STDERR: 
Return Code: 0


--- 代理: 125.135.43.66:50000 ---
检查结果:
STDOUT: {
  "success": true,
  "proxyIP": "125.135.43.66",
  "portRemote": 50000,
  "colo": "AMS",
  "responseTime": 597,
  "message": "第1次验证有效ProxyIP",
  "timestamp": "2025-11-16T17:34:02.846Z"
}
STDERR: 
Return Code: 0


--- 代理: 222.113.18.211:12373 ---
检查结果:
STDOUT: {
  "success": true,
  "proxyIP": "222.113.18.211",
  "portRemote": 12373,
  "colo": "AMS",
  "responseTime": 566,
  "message": "第1次验证有效ProxyIP",
  "timestamp": "2025-11-16T17:34:02.915Z"
}
STDERR: 
Return Code: 0


--- 代理: 221.153.129.12:12165 ---
检查结果:
STDOUT: {
  "success": true,
  "proxyIP": "221.153.129.12",
  "portRemote": 12165,
  "colo": "AMS",
  "responseTime": 553,
  "message": "第1次验证有效ProxyIP",
  "timestamp": "2025-11-16T17:34:02.945Z"
}
STDERR: 
Return Code: 0


--- 代理: 222.113.18.211:20150 ---
检查结果:
STDOUT: {
  "success": true,
  "proxyIP": "222.113.18.211",
  "portRemote": 20150,
  "colo": "AMS",
  "responseTime": 592,
  "message": "第1次验证有效ProxyIP",
  "timestamp": "2025-11-16T17:34:03.442Z"
}
STDERR: 
Return Code: 0


--- 代理: 121.141.9.182:12152 ---
检查结果:
STDOUT: {
  "success": true,
  "proxyIP": "121.141.9.182",
  "portRemote": 12152,
  "colo": "AMS",
  "responseTime": 490,
  "message": "第1次验证有效ProxyIP",
  "timestamp": "2025-11-16T17:34:03.623Z"
}
STDERR: 
Return Code: 0


--- 代理: 220.87.102.134:10628 ---
检查结果:
STDOUT: {
  "success": true,
  "proxyIP": "220.87.102.134",
  "portRemote": 10628,
  "colo": "AMS",
  "responseTime": 577,
  "message": "第1次验证有效ProxyIP",
  "timestamp": "2025-11-16T17:34:03.812Z"
}
STDERR: 
Return Code: 0


--- 代理: 211.106.84.19:10138 ---
检查结果:
STDOUT: {
  "success": true,
  "proxyIP": "211.106.84.19",
  "portRemote": 10138,
  "colo": "AMS",
  "responseTime": 604,
  "message": "第1次验证有效ProxyIP",
  "timestamp": "2025-11-16T17:34:04.283Z"
}
STDERR: 
Return Code: 0


--- 代理: 211.184.116.84:50000 ---
检查结果:
STDOUT: {
  "success": true,
  "proxyIP": "211.184.116.84",
  "portRemote": 50000,
  "colo": "AMS",
  "responseTime": 538,
  "message": "第1次验证有效ProxyIP",
  "timestamp": "2025-11-16T17:34:04.489Z"
}
STDERR: 
Return Code: 0


--- 代理: 121.173.138.249:10267 ---
检查结果:
STDOUT: {
  "success": true,
  "proxyIP": "121.173.138.249",
  "portRemote": 10267,
  "colo": "AMS",
  "responseTime": 551,
  "message": "第1次验证有效ProxyIP",
  "timestamp": "2025-11-16T17:34:04.557Z"
}
STDERR: 
Return Code: 0


--- 代理: 222.113.18.214:16403 ---
检查结果:
STDOUT: {
  "success": true,
  "proxyIP": "222.113.18.214",
  "portRemote": 16403,
  "colo": "AMS",
  "responseTime": 579,
  "message": "第1次验证有效ProxyIP",
  "timestamp": "2025-11-16T17:34:04.730Z"
}
STDERR: 
Return Code: 0


--- 代理: 220.119.150.244:10032 ---
检查结果:
STDOUT: {
  "success": true,
  "proxyIP": "220.119.150.244",
  "portRemote": 10032,
  "colo": "AMS",
  "responseTime": 576,
  "message": "第1次验证有效ProxyIP",
  "timestamp": "2025-11-16T17:34:04.764Z"
}
STDERR: 
Return Code: 0


--- 代理: 183.105.173.161:10374 ---
检查结果:
STDOUT: {
  "success": true,
  "proxyIP": "183.105.173.161",
  "portRemote": 10374,
  "colo": "AMS",
  "responseTime": 573,
  "message": "第1次验证有效ProxyIP",
  "timestamp": "2025-11-16T17:34:05.082Z"
}
STDERR: 
Return Code: 0


--- 代理: 118.32.105.202:50000 ---
检查结果:
STDOUT: {
  "success": true,
  "proxyIP": "118.32.105.202",
  "portRemote": 50000,
  "colo": "AMS",
  "responseTime": 599,
  "message": "第1次验证有效ProxyIP",
  "timestamp": "2025-11-16T17:34:05.337Z"
}
STDERR: 
Return Code: 0


--- 代理: 118.35.119.142:10268 ---
检查结果:
STDOUT: {
  "success": true,
  "proxyIP": "118.35.119.142",
  "portRemote": 10268,
  "colo": "AMS",
  "responseTime": 581,
  "message": "第1次验证有效ProxyIP",
  "timestamp": "2025-11-16T17:34:05.113Z"
}
STDERR: 
Return Code: 0


--- 代理: 221.161.207.216:50000 ---
检查结果:
STDOUT: {
  "success": true,
  "proxyIP": "221.161.207.216",
  "portRemote": 50000,
  "colo": "AMS",
  "responseTime": 527,
  "message": "第1次验证有效ProxyIP",
  "timestamp": "2025-11-16T17:34:05.433Z"
}
STDERR: 
Return Code: 0


--- 代理: 119.204.205.68:18014 ---
检查结果:
STDOUT: {
  "success": true,
  "proxyIP": "119.204.205.68",
  "portRemote": 18014,
  "colo": "AMS",
  "responseTime": 557,
  "message": "第1次验证有效ProxyIP",
  "timestamp": "2025-11-16T17:34:05.942Z"
}
STDERR: 
Return Code: 0


--- 代理: 183.109.254.132:10036 ---
检查结果:
STDOUT: {
  "success": true,
  "proxyIP": "183.109.254.132",
  "portRemote": 10036,
  "colo": "AMS",
  "responseTime": 581,
  "message": "第1次验证有效ProxyIP",
  "timestamp": "2025-11-16T17:34:06.173Z"
}
STDERR: 
Return Code: 0


--- 代理: 220.72.32.44:10080 ---
检查结果:
STDOUT: {
  "success": true,
  "proxyIP": "220.72.32.44",
  "portRemote": 10080,
  "colo": "AMS",
  "responseTime": 601,
  "message": "第1次验证有效ProxyIP",
  "timestamp": "2025-11-16T17:34:06.505Z"
}
STDERR: 
Return Code: 0


--- 代理: 222.113.18.214:10251 ---
检查结果:
STDOUT: {
  "success": true,
  "proxyIP": "222.113.18.214",
  "portRemote": 10251,
  "colo": "AMS",
  "responseTime": 616,
  "message": "第1次验证有效ProxyIP",
  "timestamp": "2025-11-16T17:34:06.448Z"
}
STDERR: 
Return Code: 0


--- 代理: 183.103.133.133:11014 ---
检查结果:
STDOUT: {
  "success": true,
  "proxyIP": "183.103.133.133",
  "portRemote": 11014,
  "colo": "AMS",
  "responseTime": 595,
  "message": "第1次验证有效ProxyIP",
  "timestamp": "2025-11-16T17:34:06.670Z"
}
STDERR: 
Return Code: 0


--- 代理: 222.120.97.251:18013 ---
检查结果:
STDOUT: {
  "success": true,
  "proxyIP": "222.120.97.251",
  "portRemote": 18013,
  "colo": "AMS",
  "responseTime": 539,
  "message": "第1次验证有效ProxyIP",
  "timestamp": "2025-11-16T17:34:06.900Z"
}
STDERR: 
Return Code: 0


--- 代理: 175.205.74.58:10201 ---
检查结果:
STDOUT: {
  "success": true,
  "proxyIP": "175.205.74.58",
  "portRemote": 10201,
  "colo": "AMS",
  "responseTime": 549,
  "message": "第1次验证有效ProxyIP",
  "timestamp": "2025-11-16T17:34:07.245Z"
}
STDERR: 
Return Code: 0


--- 代理: 112.163.215.224:10323 ---
检查结果:
STDOUT: {
  "success": true,
  "proxyIP": "112.163.215.224",
  "portRemote": 10323,
  "colo": "AMS",
  "responseTime": 554,
  "message": "第1次验证有效ProxyIP",
  "timestamp": "2025-11-16T17:34:07.224Z"
}
STDERR: 
Return Code: 0


--- 代理: 112.162.62.163:12323 ---
检查结果:
STDOUT: {
  "success": true,
  "proxyIP": "112.162.62.163",
  "portRemote": 12323,
  "colo": "AMS",
  "responseTime": 586,
  "message": "第1次验证有效ProxyIP",
  "timestamp": "2025-11-16T17:34:07.312Z"
}
STDERR: 
Return Code: 0


--- 代理: 121.151.13.174:12309 ---
检查结果:
STDOUT: {
  "success": true,
  "proxyIP": "121.151.13.174",
  "portRemote": 12309,
  "colo": "AMS",
  "responseTime": 593,
  "message": "第1次验证有效ProxyIP",
  "timestamp": "2025-11-16T17:34:07.674Z"
}
STDERR: 
Return Code: 0


--- 代理: 115.21.51.7:30019 ---
检查结果:
STDOUT: {
  "success": true,
  "proxyIP": "115.21.51.7",
  "portRemote": 30019,
  "colo": "AMS",
  "responseTime": 834,
  "message": "第1次验证有效ProxyIP",
  "timestamp": "2025-11-16T17:34:08.650Z"
}
STDERR: 
Return Code: 0


--- 代理: 211.228.85.103:12020 ---
检查结果:
STDOUT: {
  "success": true,
  "proxyIP": "211.228.85.103",
  "portRemote": 12020,
  "colo": "AMS",
  "responseTime": 599,
  "message": "第1次验证有效ProxyIP",
  "timestamp": "2025-11-16T17:34:08.674Z"
}
STDERR: 
Return Code: 0


--- 代理: 222.113.18.211:12353 ---
检查结果:
STDOUT: {
  "success": true,
  "proxyIP": "222.113.18.211",
  "portRemote": 12353,
  "colo": "AMS",
  "responseTime": 618,
  "message": "第1次验证有效ProxyIP",
  "timestamp": "2025-11-16T17:34:08.770Z"
}
STDERR: 
Return Code: 0


--- 代理: 220.83.182.223:50000 ---
检查结果:
STDOUT: {
  "success": true,
  "proxyIP": "220.83.182.223",
  "portRemote": 50000,
  "colo": "AMS",
  "responseTime": 603,
  "message": "第1次验证有效ProxyIP",
  "timestamp": "2025-11-16T17:34:08.840Z"
}
STDERR: 
Return Code: 0


--- 代理: 121.152.118.98:10227 ---
检查结果:
STDOUT: {
  "success": true,
  "proxyIP": "121.152.118.98",
  "portRemote": 10227,
  "colo": "AMS",
  "responseTime": 557,
  "message": "第1次验证有效ProxyIP",
  "timestamp": "2025-11-16T17:34:09.098Z"
}
STDERR: 
Return Code: 0


--- 代理: 222.113.18.211:10439 ---
检查结果:
STDOUT: {
  "success": true,
  "proxyIP": "222.113.18.211",
  "portRemote": 10439,
  "colo": "AMS",
  "responseTime": 593,
  "message": "第1次验证有效ProxyIP",
  "timestamp": "2025-11-16T17:34:09.143Z"
}
STDERR: 
Return Code: 0


--- 代理: 121.178.121.161:50000 ---
检查结果:
STDOUT: {
  "success": true,
  "proxyIP": "121.178.121.161",
  "portRemote": 50000,
  "colo": "AMS",
  "responseTime": 539,
  "message": "第1次验证有效ProxyIP",
  "timestamp": "2025-11-16T17:34:09.171Z"
}
STDERR: 
Return Code: 0


--- 代理: 221.148.193.190:30083 ---
检查结果:
STDOUT: {
  "success": true,
  "proxyIP": "221.148.193.190",
  "portRemote": 30083,
  "colo": "AMS",
  "responseTime": 576,
  "message": "第1次验证有效ProxyIP",
  "timestamp": "2025-11-16T17:34:08.805Z"
}
STDERR: 
Return Code: 0


--- 代理: 59.3.3.161:8443 ---
检查结果:
STDOUT: {
  "success": true,
  "proxyIP": "59.3.3.161",
  "portRemote": 8443,
  "colo": "AMS",
  "responseTime": 579,
  "message": "第1次验证有效ProxyIP",
  "timestamp": "2025-11-16T17:34:09.849Z"
}
STDERR: 
Return Code: 0


--- 代理: 220.121.173.37:10443 ---
检查结果:
STDOUT: {
  "success": true,
  "proxyIP": "220.121.173.37",
  "portRemote": 10443,
  "colo": "AMS",
  "responseTime": 569,
  "message": "第1次验证有效ProxyIP",
  "timestamp": "2025-11-16T17:34:10.599Z"
}
STDERR: 
Return Code: 0


--- 代理: 222.113.18.214:10199 ---
检查结果:
STDOUT: {
  "success": true,
  "proxyIP": "222.113.18.214",
  "portRemote": 10199,
  "colo": "AMS",
  "responseTime": 556,
  "message": "第1次验证有效ProxyIP",
  "timestamp": "2025-11-16T17:34:10.669Z"
}
STDERR: 
Return Code: 0


--- 代理: 121.189.93.224:11111 ---
检查结果:
STDOUT: {
  "success": true,
  "proxyIP": "121.189.93.224",
  "portRemote": 11111,
  "colo": "AMS",
  "responseTime": 596,
  "message": "第1次验证有效ProxyIP",
  "timestamp": "2025-11-16T17:34:10.698Z"
}
STDERR: 
Return Code: 0


--- 代理: 14.41.117.233:30019 ---
检查结果:
STDOUT: {
  "success": true,
  "proxyIP": "14.41.117.233",
  "portRemote": 30019,
  "colo": "AMS",
  "responseTime": 597,
  "message": "第1次验证有效ProxyIP",
  "timestamp": "2025-11-16T17:34:10.877Z"
}
STDERR: 
Return Code: 0


--- 代理: 211.228.85.103:31081 ---
检查结果:
STDOUT: {
  "success": true,
  "proxyIP": "211.228.85.103",
  "portRemote": 31081,
  "colo": "AMS",
  "responseTime": 589,
  "message": "第1次验证有效ProxyIP",
  "timestamp": "2025-11-16T17:34:11.084Z"
}
STDERR: 
Return Code: 0


--- 代理: 211.106.84.19:33391 ---
检查结果:
STDOUT: {
  "success": true,
  "proxyIP": "211.106.84.19",
  "portRemote": 33391,
  "colo": "AMS",
  "responseTime": 601,
  "message": "第1次验证有效ProxyIP",
  "timestamp": "2025-11-16T17:34:11.528Z"
}
STDERR: 
Return Code: 0


--- 代理: 210.104.231.120:12104 ---
检查结果:
STDOUT: {
  "success": true,
  "proxyIP": "210.104.231.120",
  "portRemote": 12104,
  "colo": "AMS",
  "responseTime": 587,
  "message": "第1次验证有效ProxyIP",
  "timestamp": "2025-11-16T17:34:11.626Z"
}
STDERR: 
Return Code: 0


--- 代理: 222.113.18.214:12349 ---
检查结果:
STDOUT: {
  "success": true,
  "proxyIP": "222.113.18.214",
  "portRemote": 12349,
  "colo": "AMS",
  "responseTime": 574,
  "message": "第1次验证有效ProxyIP",
  "timestamp": "2025-11-16T17:34:11.801Z"
}
STDERR: 
Return Code: 0


--- 代理: 211.51.225.82:30019 ---
检查结果:
STDOUT: {
  "success": true,
  "proxyIP": "211.51.225.82",
  "portRemote": 30019,
  "colo": "AMS",
  "responseTime": 823,
  "message": "第1次验证有效ProxyIP",
  "timestamp": "2025-11-16T17:34:12.018Z"
}
STDERR: 
Return Code: 0


--- 代理: 221.161.33.161:20443 ---
检查结果:
STDOUT: {
  "success": true,
  "proxyIP": "221.161.33.161",
  "portRemote": 20443,
  "colo": "AMS",
  "responseTime": 538,
  "message": "第1次验证有效ProxyIP",
  "timestamp": "2025-11-16T17:34:12.543Z"
}
STDERR: 
Return Code: 0


--- 代理: 222.113.18.211:10313 ---
检查结果:
STDOUT: {
  "success": true,
  "proxyIP": "222.113.18.211",
  "portRemote": 10313,
  "colo": "AMS",
  "responseTime": 602,
  "message": "第1次验证有效ProxyIP",
  "timestamp": "2025-11-16T17:34:12.574Z"
}
STDERR: 
Return Code: 0


--- 代理: 221.157.139.47:10444 ---
检查结果:
STDOUT: {
  "success": true,
  "proxyIP": "221.157.139.47",
  "portRemote": 10444,
  "colo": "AMS",
  "responseTime": 568,
  "message": "第1次验证有效ProxyIP",
  "timestamp": "2025-11-16T17:34:12.344Z"
}
STDERR: 
Return Code: 0


--- 代理: 220.87.152.138:12322 ---
检查结果:
STDOUT: {
  "success": true,
  "proxyIP": "220.87.152.138",
  "portRemote": 12322,
  "colo": "AMS",
  "responseTime": 598,
  "message": "第1次验证有效ProxyIP",
  "timestamp": "2025-11-16T17:34:12.836Z"
}
STDERR: 
Return Code: 0


--- 代理: 222.113.18.211:12540 ---
检查结果:
STDOUT: {
  "success": true,
  "proxyIP": "222.113.18.211",
  "portRemote": 12540,
  "colo": "AMS",
  "responseTime": 584,
  "message": "第1次验证有效ProxyIP",
  "timestamp": "2025-11-16T17:34:12.825Z"
}
STDERR: 
Return Code: 0


--- 代理: 220.87.152.138:30009 ---
检查结果:
STDOUT: {
  "success": true,
  "proxyIP": "220.87.152.138",
  "portRemote": 30009,
  "colo": "AMS",
  "responseTime": 604,
  "message": "第1次验证有效ProxyIP",
  "timestamp": "2025-11-16T17:34:13.300Z"
}
STDERR: 
Return Code: 0


--- 代理: 211.230.207.90:10046 ---
检查结果:
STDOUT: {
  "success": true,
  "proxyIP": "211.230.207.90",
  "portRemote": 10046,
  "colo": "AMS",
  "responseTime": 571,
  "message": "第1次验证有效ProxyIP",
  "timestamp": "2025-11-16T17:34:13.438Z"
}
STDERR: 
Return Code: 0


--- 代理: 220.87.152.138:12380 ---
检查结果:
STDOUT: {
  "success": true,
  "proxyIP": "220.87.152.138",
  "portRemote": 12380,
  "colo": "AMS",
  "responseTime": 608,
  "message": "第1次验证有效ProxyIP",
  "timestamp": "2025-11-16T17:34:13.590Z"
}
STDERR: 
Return Code: 0


--- 代理: 112.184.246.22:30019 ---
检查结果:
STDOUT: {
  "success": true,
  "proxyIP": "112.184.246.22",
  "portRemote": 30019,
  "colo": "AMS",
  "responseTime": 550,
  "message": "第1次验证有效ProxyIP",
  "timestamp": "2025-11-16T17:34:13.731Z"
}
STDERR: 
Return Code: 0


--- 代理: 59.6.239.208:10202 ---
检查结果:
STDOUT: {
  "success": true,
  "proxyIP": "59.6.239.208",
  "portRemote": 10202,
  "colo": "AMS",
  "responseTime": 603,
  "message": "第1次验证有效ProxyIP",
  "timestamp": "2025-11-16T17:34:13.978Z"
}
STDERR: 
Return Code: 0


--- 代理: 220.122.115.73:30019 ---
检查结果:
STDOUT: {
  "success": true,
  "proxyIP": "220.122.115.73",
  "portRemote": 30019,
  "colo": "AMS",
  "responseTime": 566,
  "message": "第1次验证有效ProxyIP",
  "timestamp": "2025-11-16T17:34:14.430Z"
}
STDERR: 
Return Code: 0


--- 代理: 220.71.102.124:32783 ---
检查结果:
STDOUT: {
  "success": true,
  "proxyIP": "220.71.102.124",
  "portRemote": 32783,
  "colo": "AMS",
  "responseTime": 557,
  "message": "第1次验证有效ProxyIP",
  "timestamp": "2025-11-16T17:34:14.469Z"
}
STDERR: 
Return Code: 0


--- 代理: 222.113.18.211:17121 ---
检查结果:
STDOUT: {
  "success": true,
  "proxyIP": "222.113.18.211",
  "portRemote": 17121,
  "colo": "AMS",
  "responseTime": 612,
  "message": "第1次验证有效ProxyIP",
  "timestamp": "2025-11-16T17:34:14.879Z"
}
STDERR: 
Return Code: 0


--- 代理: 183.104.1.110:11013 ---
检查结果:
STDOUT: {
  "success": true,
  "proxyIP": "183.104.1.110",
  "portRemote": 11013,
  "colo": "AMS",
  "responseTime": 582,
  "message": "第1次验证有效ProxyIP",
  "timestamp": "2025-11-16T17:34:15.333Z"
}
STDERR: 
Return Code: 0


--- 代理: 222.113.18.211:32015 ---
检查结果:
STDOUT: {
  "success": true,
  "proxyIP": "222.113.18.211",
  "portRemote": 32015,
  "colo": "AMS",
  "responseTime": 595,
  "message": "第1次验证有效ProxyIP",
  "timestamp": "2025-11-16T17:34:15.359Z"
}
STDERR: 
Return Code: 0


--- 代理: 210.223.236.220:10134 ---
检查结果:
STDOUT: {
  "success": true,
  "proxyIP": "210.223.236.220",
  "portRemote": 10134,
  "colo": "AMS",
  "responseTime": 591,
  "message": "第1次验证有效ProxyIP",
  "timestamp": "2025-11-16T17:34:15.419Z"
}
STDERR: 
Return Code: 0


--- 代理: 121.147.127.154:12404 ---
检查结果:
STDOUT: {
  "success": true,
  "proxyIP": "121.147.127.154",
  "portRemote": 12404,
  "colo": "AMS",
  "responseTime": 576,
  "message": "第1次验证有效ProxyIP",
  "timestamp": "2025-11-16T17:34:15.490Z"
}
STDERR: 
Return Code: 0


--- 代理: 183.104.1.110:20174 ---
检查结果:
STDOUT: {
  "success": true,
  "proxyIP": "183.104.1.110",
  "portRemote": 20174,
  "colo": "AMS",
  "responseTime": 596,
  "message": "第1次验证有效ProxyIP",
  "timestamp": "2025-11-16T17:34:14.783Z"
}
STDERR: 
Return Code: 0


--- 代理: 211.33.238.198:12111 ---
检查结果:
STDOUT: {
  "success": true,
  "proxyIP": "211.33.238.198",
  "portRemote": 12111,
  "colo": "AMS",
  "responseTime": 563,
  "message": "第1次验证有效ProxyIP",
  "timestamp": "2025-11-16T17:34:15.684Z"
}
STDERR: 
Return Code: 0


--- 代理: 121.169.173.210:30019 ---
检查结果:
STDOUT: {
  "success": true,
  "proxyIP": "121.169.173.210",
  "portRemote": 30019,
  "colo": "AMS",
  "responseTime": 549,
  "message": "第1次验证有效ProxyIP",
  "timestamp": "2025-11-16T17:34:15.868Z"
}
STDERR: 
Return Code: 0


--- 代理: 121.152.118.98:10337 ---
检查结果:
STDOUT: {
  "success": true,
  "proxyIP": "121.152.118.98",
  "portRemote": 10337,
  "colo": "AMS",
  "responseTime": 543,
  "message": "第1次验证有效ProxyIP",
  "timestamp": "2025-11-16T17:34:16.279Z"
}
STDERR: 
Return Code: 0


--- 代理: 222.113.18.214:37737 ---
检查结果:
STDOUT: {
  "success": true,
  "proxyIP": "222.113.18.214",
  "portRemote": 37737,
  "colo": "AMS",
  "responseTime": 570,
  "message": "第1次验证有效ProxyIP",
  "timestamp": "2025-11-16T17:34:16.403Z"
}
STDERR: 
Return Code: 0


--- 代理: 121.172.105.181:12141 ---
检查结果:
STDOUT: {
  "success": true,
  "proxyIP": "121.172.105.181",
  "portRemote": 12141,
  "colo": "AMS",
  "responseTime": 589,
  "message": "第1次验证有效ProxyIP",
  "timestamp": "2025-11-16T17:34:16.824Z"
}
STDERR: 
Return Code: 0


--- 代理: 221.153.129.12:10038 ---
检查结果:
STDOUT: {
  "success": true,
  "proxyIP": "221.153.129.12",
  "portRemote": 10038,
  "colo": "AMS",
  "responseTime": 555,
  "message": "第1次验证有效ProxyIP",
  "timestamp": "2025-11-16T17:34:17.217Z"
}
STDERR: 
Return Code: 0


--- 代理: 121.163.114.5:10084 ---
检查结果:
STDOUT: {
  "success": true,
  "proxyIP": "121.163.114.5",
  "portRemote": 10084,
  "colo": "AMS",
  "responseTime": 581,
  "message": "第1次验证有效ProxyIP",
  "timestamp": "2025-11-16T17:34:17.296Z"
}
STDERR: 
Return Code: 0


--- 代理: 222.113.18.206:10103 ---
检查结果:
STDOUT: {
  "success": true,
  "proxyIP": "222.113.18.206",
  "portRemote": 10103,
  "colo": "AMS",
  "responseTime": 581,
  "message": "第1次验证有效ProxyIP",
  "timestamp": "2025-11-16T17:34:17.344Z"
}
STDERR: 
Return Code: 0


--- 代理: 121.130.41.237:12351 ---
检查结果:
STDOUT: {
  "success": true,
  "proxyIP": "121.130.41.237",
  "portRemote": 12351,
  "colo": "AMS",
  "responseTime": 565,
  "message": "第1次验证有效ProxyIP",
  "timestamp": "2025-11-16T17:34:17.419Z"
}
STDERR: 
Return Code: 0


--- 代理: 220.72.32.44:10997 ---
检查结果:
STDOUT: {
  "success": true,
  "proxyIP": "220.72.32.44",
  "portRemote": 10997,
  "colo": "AMS",
  "responseTime": 574,
  "message": "第1次验证有效ProxyIP",
  "timestamp": "2025-11-16T17:34:17.606Z"
}
STDERR: 
Return Code: 0


--- 代理: 222.113.18.207:20032 ---
检查结果:
STDOUT: {
  "success": true,
  "proxyIP": "222.113.18.207",
  "portRemote": 20032,
  "colo": "AMS",
  "responseTime": 1899,
  "message": "第2次验证有效ProxyIP",
  "timestamp": "2025-11-16T17:34:19.954Z"
}
STDERR: 
Return Code: 0

