
--- 代理: 61.220.128.226:43 ---
检查结果:
STDOUT: {
  "success": true,
  "proxyIP": "61.220.128.226",
  "portRemote": 43,
  "colo": "AMS",
  "responseTime": 490,
  "message": "第1次验证有效ProxyIP",
  "timestamp": "2025-11-03T05:15:42.626Z"
}
STDERR: 
Return Code: 0


--- 代理: 114.32.9.249:51443 ---
检查结果:
STDOUT: {
  "success": true,
  "proxyIP": "114.32.9.249",
  "portRemote": 51443,
  "colo": "AMS",
  "responseTime": 531,
  "message": "第1次验证有效ProxyIP",
  "timestamp": "2025-11-03T05:15:42.690Z"
}
STDERR: 
Return Code: 0


--- 代理: 122.116.105.15:995 ---
检查结果:
STDOUT: {
  "success": true,
  "proxyIP": "122.116.105.15",
  "portRemote": 995,
  "colo": "AMS",
  "responseTime": 498,
  "message": "第1次验证有效ProxyIP",
  "timestamp": "2025-11-03T05:15:42.972Z"
}
STDERR: 
Return Code: 0


--- 代理: 60.248.6.250:43 ---
检查结果:
STDOUT: {
  "success": true,
  "proxyIP": "60.248.6.250",
  "portRemote": 43,
  "colo": "AMS",
  "responseTime": 510,
  "message": "第1次验证有效ProxyIP",
  "timestamp": "2025-11-03T05:15:43.085Z"
}
STDERR: 
Return Code: 0


--- 代理: 36.226.195.38:16403 ---
检查结果:
STDOUT: {
  "success": true,
  "proxyIP": "36.226.195.38",
  "portRemote": 16403,
  "colo": "AMS",
  "responseTime": 538,
  "message": "第1次验证有效ProxyIP",
  "timestamp": "2025-11-03T05:15:42.706Z"
}
STDERR: 
Return Code: 0


--- 代理: 60.249.114.181:10217 ---
检查结果:
STDOUT: {
  "success": true,
  "proxyIP": "60.249.114.181",
  "portRemote": 10217,
  "colo": "AMS",
  "responseTime": 678,
  "message": "第1次验证有效ProxyIP",
  "timestamp": "2025-11-03T05:15:44.503Z"
}
STDERR: 
Return Code: 0


--- 代理: -1:-1 ---
检查结果:
STDOUT: {
  "success": false,
  "proxyIP": -1,
  "portRemote": -1,
  "colo": "AMS",
  "responseTime": -1,
  "message": "Cannot call releaseLock() on a reader with outstanding read promises.",
  "timestamp": "2025-11-03T05:15:46.580Z"
}
STDERR: 
Return Code: 0


--- 代理: 114.34.202.224:10004 ---
检查结果:
STDOUT: 
STDERR: 请求超时
Return Code: 1

