
--- 代理: 58.153.155.98:12345 ---
检查结果:
STDOUT: {
  "success": true,
  "proxyIP": "58.153.155.98",
  "portRemote": 12345,
  "colo": "AMS",
  "responseTime": 399,
  "message": "第1次验证有效ProxyIP",
  "timestamp": "2025-11-16T18:41:02.167Z"
}
STDERR: 
Return Code: 0


--- 代理: 119.237.89.240:32807 ---
检查结果:
STDOUT: {
  "success": true,
  "proxyIP": "119.237.89.240",
  "portRemote": 32807,
  "colo": "AMS",
  "responseTime": 420,
  "message": "第1次验证有效ProxyIP",
  "timestamp": "2025-11-16T18:41:02.232Z"
}
STDERR: 
Return Code: 0


--- 代理: 1.64.178.245:20200 ---
检查结果:
STDOUT: {
  "success": true,
  "proxyIP": "1.64.178.245",
  "portRemote": 20200,
  "colo": "AMS",
  "responseTime": 402,
  "message": "第1次验证有效ProxyIP",
  "timestamp": "2025-11-16T18:41:03.323Z"
}
STDERR: 
Return Code: 0

